============================================================
Time  2016/10/10 00:06:28 571 
============================================================
[2016/10/10 00:06:28 575] isr_local  2145 os_type is:  Linux  
[2016/10/10 00:06:28 590] isr_local  2154 SYS_MSG_LOAD_LOCAL  
[2016/10/10 00:06:28 599] isr_local  2242 last gc at  1476028935  
[2016/10/10 00:06:28 624] isr_local  2183 SYS_MSG_REGCB_LOCAL| param0 =  msp_status_cb  
[2016/10/10 00:06:28 654] isr_local  2242 last gc at  1476028935  
[2016/10/10 00:06:28 683] isr_local  2183 SYS_MSG_REGCB_LOCAL| param0 =  local_service_cbmsg  
[2016/10/10 00:06:28 705] isr_local  2242 last gc at  1476028935  
[2016/10/10 00:06:28 722] isr_local  2091 ASR_LOCAL_MSG_SSB  
[2016/10/10 00:06:28 791] isr_local  1229 esr_session_begin | params:  engine_type=local,asr_res_path=fo|res/asr/common.jet,sample_rate=16000,grm_build_path=res/asr/GrmBuilld,local_grammar=cmd,result_type=xml,result_encoding=UTF-8  
[2016/10/10 00:06:28 809] isr_local  801  engine_type  :  local  
[2016/10/10 00:06:28 818] isr_local  801  asr_res_path  :  fo|res/asr/common.jet  
[2016/10/10 00:06:28 824] isr_local  801  sample_rate  :  16000  
[2016/10/10 00:06:28 828] isr_local  801  grm_build_path  :  res/asr/GrmBuilld  
[2016/10/10 00:06:28 842] isr_local  801  local_grammar  :  cmd  
[2016/10/10 00:06:28 851] isr_local  801  result_type  :  xml  
[2016/10/10 00:06:28 882] isr_local  801  result_encoding  :  UTF-8  
[2016/10/10 00:06:28 898] isr_local  1258 init aitalk in ssb  
[2016/10/10 00:06:28 908] isr_local  1142 esr_init | params:  engine_type=local,asr_res_path=fo|res/asr/common.jet,sample_rate=16000,grm_build_path=res/asr/GrmBuilld,local_grammar=cmd,result_type=xml,result_encoding=UTF-8  
[2016/10/10 00:06:28 935] isr_local  801  engine_type  :  local  
[2016/10/10 00:06:28 940] isr_local  801  asr_res_path  :  fo|res/asr/common.jet  
[2016/10/10 00:06:28 945] isr_local  801  sample_rate  :  16000  
[2016/10/10 00:06:28 953] isr_local  801  grm_build_path  :  res/asr/GrmBuilld  
[2016/10/10 00:06:28 962] isr_local  801  local_grammar  :  cmd  
[2016/10/10 00:06:28 981] isr_local  801  result_type  :  xml  
[2016/10/10 00:06:28 993] isr_local  801  result_encoding  :  UTF-8  
[2016/10/10 00:06:29 002] isr_local  1081  lucEsr.new   
[2016/10/10 00:06:29 014] isr_local  998  file count =   1  
[2016/10/10 00:06:29 022] isr_local  921  file open type is:   fo  
[2016/10/10 00:06:29 050] isr_local  954  res/asr/common.jet  0  0  
[2016/10/10 00:06:29 073] isr_local  1016 speech_plus_setting  0  
[2016/10/10 00:06:29 077] isr_local  1029 2  nil  res/asr/common.jet  0  0  
[2016/10/10 00:06:29 102] isr_local  1031 res_ver  2  
[2016/10/10 00:06:29 105] isr_local  1032 res 5  a67ec4631cc3043e4b7fce4a4b7234d9  
[2016/10/10 00:06:29 108] isr_local  1033 res_new_old_mark  v5pp  
[2016/10/10 00:06:29 119] isr_local  1034 res_usr_name    
[2016/10/10 00:06:29 154] isr_local  1035 res_expires  1485072161  
[2016/10/10 00:06:29 197] isr_local  1036 err  0  
[2016/10/10 00:06:29 264] isr_local  1052 lgi appid 5  a67ec4631cc3043e4b7fce4a4b7234d9  
[2016/10/10 00:06:29 305] isr_local  1067 now expires:  1476029189  1485072161  
[2016/10/10 00:06:29 499] auth       252  read auth file failed! err=  11200  
[2016/10/10 00:06:29 603] isr_local  1272 authorized_aitalk=  nil  
[2016/10/10 00:06:29 605] isr_local  1273 forbid_aitalk=  nil  
[2016/10/10 00:06:29 607] auth       570  aitalk  table(f53e6f80) nil  nil  appid = 583467f7  
[2016/10/10 00:06:29 612] auth       579  app  nil  nil  nil  
[2016/10/10 00:06:29 660] auth       636  ath rquest  {"authorize":[{"ver":"2.1.1","busin":"aitalk"}]}  
[2016/10/10 00:06:29 672] transport  609  paramkvsport is   nil  
[2016/10/10 00:06:29 689] transport  617  ns_enable=  1  
[2016/10/10 00:06:29 692] transport  661  url.full=  nil  
[2016/10/10 00:06:29 694] transport  837  switch 80  
[2016/10/10 00:06:29 698] transport  844  net type:  standard  
[2016/10/10 00:06:29 700] transport  845  net operator:  def  
[2016/10/10 00:06:29 702] transport  846  use proxy:  false  
[2016/10/10 00:06:29 706] auth       691  not login!  
[2016/10/10 00:06:29 708] auth       528  [session] send auth request  
[2016/10/10 00:06:29 709] transport  959  session.domain=  open.xf-yun.com  
[2016/10/10 00:06:29 710] transport  960  url.host=  open.xf-yun.com  
[2016/10/10 00:06:29 718] network    83   ipfromenv ,  ipcache  open.xf-yun.com  def  nil  
[2016/10/10 00:06:29 720] transport  994  NAMESERVER START  
[2016/10/10 00:06:29 722] transport  997  name =   ath  
[2016/10/10 00:06:29 724] ns         727  ntt=  standard  
[2016/10/10 00:06:29 725] transport  1000 trans,ns_inprog =  0  
[2016/10/10 00:06:29 727] ns         682  name server start  
[2016/10/10 00:06:29 729] ns         683  ns_sub =   ath  
[2016/10/10 00:06:29 730] ns         685  ns_host=  open.xf-yun.com  
[2016/10/10 00:06:29 733] ns         403  ns_host=  open.xf-yun.com  
[2016/10/10 00:06:29 735] ns         662  GET /sip/resolver?srand=1010000611.32 HTTP/1.1
Host: hdns.openspeech.cn
Connection: Keep-Alive
X-Par: ver=1.2&appid=583467f7&operator=UNKNOW&nettype=STANDARD&cver=5.0.27.1135&svc=ath&host=open.xf-yun.com&sign=91677fafcc08cf81f93dba4a4b972fdb
User-Agent: iFLYCloud

  
[2016/10/10 00:06:29 737] ns         663  net_type =  standard  
[2016/10/10 00:06:29 739] ns         664  cmwapascmnet =  
[2016/10/10 00:06:29 741] ns         665  uniwapasuninet =  
[2016/10/10 00:06:29 743] ns         666  ctwapasctnet =  
[2016/10/10 00:06:29 745] ns         676  host=  hdns.openspeech.cn  
[2016/10/10 00:06:29 752] auth       535  0  
[2016/10/10 00:06:29 756] auth       498  lver:  nil  
[2016/10/10 00:06:29 759] auth       503  cfg_ver:  nil  
[2016/10/10 00:06:29 772] isr_local  2015 commit path:   res/asr/GrmBuilld/temp/commit  
[2016/10/10 00:06:29 848] isr_local  2053 commit success!  
[2016/10/10 00:06:29 872] isr_local  1387 esr_session_begin | esr_obj:start ret =  0  
[2016/10/10 00:06:29 877] isr_local  2099 esr_session_begin, ret =   0  
[2016/10/10 00:06:29 880] isr_local  2242 last gc at  1476028935  
[2016/10/10 00:06:29 889] isr_local  2103 ASR_LOCAL_MSG_AUW  
[2016/10/10 00:06:29 892] isr_local  601  audio buffered :   udata(f4965044) 1  
[2016/10/10 00:06:29 894] isr_local  2242 last gc at  1476028935  
[2016/10/10 00:06:29 900] isr_local  2103 ASR_LOCAL_MSG_AUW  
[2016/10/10 00:06:29 901] isr_local  601  audio buffered :   udata(f4969be4) 2  
[2016/10/10 00:06:29 903] isr_local  2242 last gc at  1476028935  
[2016/10/10 00:06:29 910] isr_local  2103 ASR_LOCAL_MSG_AUW  
[2016/10/10 00:06:29 915] isr_local  601  audio buffered :   udata(f4969cc4) 2  
[2016/10/10 00:06:29 918] isr_local  2242 last gc at  1476028935  
[2016/10/10 00:06:29 923] isr_local  2103 ASR_LOCAL_MSG_AUW  
[2016/10/10 00:06:29 924] isr_local  601  audio buffered :   udata(f4969e44) 2  
[2016/10/10 00:06:29 926] isr_local  2242 last gc at  1476028935  
[2016/10/10 00:06:29 933] isr_local  2103 ASR_LOCAL_MSG_AUW  
[2016/10/10 00:06:29 945] isr_local  601  audio buffered :   udata(f4965134) 2  
[2016/10/10 00:06:29 950] isr_local  2242 last gc at  1476028935  
[2016/10/10 00:06:29 967] isr_local  2103 ASR_LOCAL_MSG_AUW  
[2016/10/10 00:06:29 970] isr_local  601  audio buffered :   udata(f49652b4) 2  
[2016/10/10 00:06:29 973] isr_local  2242 last gc at  1476028935  
[2016/10/10 00:06:29 982] isr_local  2103 ASR_LOCAL_MSG_AUW  
[2016/10/10 00:06:29 985] isr_local  601  audio buffered :   udata(f4965434) 2  
[2016/10/10 00:06:29 987] isr_local  2242 last gc at  1476028935  
[2016/10/10 00:06:29 993] isr_local  2103 ASR_LOCAL_MSG_AUW  
[2016/10/10 00:06:29 994] isr_local  601  audio buffered :   udata(f49655b4) 2  
[2016/10/10 00:06:29 996] isr_local  2242 last gc at  1476028935  
[2016/10/10 00:06:30 002] isr_local  2103 ASR_LOCAL_MSG_AUW  
[2016/10/10 00:06:30 004] isr_local  601  audio buffered :   udata(f4965804) 2  
[2016/10/10 00:06:30 005] isr_local  2242 last gc at  1476028935  
[2016/10/10 00:06:30 010] isr_local  2103 ASR_LOCAL_MSG_AUW  
[2016/10/10 00:06:30 013] isr_local  601  audio buffered :   udata(f498b844) 2  
[2016/10/10 00:06:30 016] isr_local  2242 last gc at  1476028935  
[2016/10/10 00:06:30 020] isr_local  2103 ASR_LOCAL_MSG_AUW  
[2016/10/10 00:06:30 021] isr_local  601  audio buffered :   udata(f498d414) 2  
[2016/10/10 00:06:30 024] isr_local  2242 last gc at  1476028935  
[2016/10/10 00:06:30 032] isr_local  2103 ASR_LOCAL_MSG_AUW  
[2016/10/10 00:06:30 034] isr_local  601  audio buffered :   udata(f498efe4) 2  
[2016/10/10 00:06:30 037] isr_local  2242 last gc at  1476028935  
[2016/10/10 00:06:30 045] isr_local  2103 ASR_LOCAL_MSG_AUW  
[2016/10/10 00:06:30 048] isr_local  601  audio buffered :   udata(f4990bb4) 2  
[2016/10/10 00:06:30 050] isr_local  2242 last gc at  1476028935  
[2016/10/10 00:06:30 055] isr_local  2103 ASR_LOCAL_MSG_AUW  
[2016/10/10 00:06:30 057] isr_local  601  audio buffered :   udata(f4992784) 2  
[2016/10/10 00:06:30 059] isr_local  2242 last gc at  1476028935  
[2016/10/10 00:06:30 066] isr_local  2103 ASR_LOCAL_MSG_AUW  
[2016/10/10 00:06:30 079] isr_local  601  audio buffered :   udata(f4994354) 4  
[2016/10/10 00:06:30 086] isr_local  2242 last gc at  1476028935  
[2016/10/10 00:06:30 098] ns         290  ns dns resp  10214  
[2016/10/10 00:06:30 099] ns         564  ns dns failed, err =   10214  
[2016/10/10 00:06:30 101] ns         174  ns gethttpresp  117.121.48.5  80  
[2016/10/10 00:06:30 117] transport  295  [dns] [0] failed! 10214  
[2016/10/10 00:06:30 124] network    83   ipfromenv ,  ipcache  open.xf-yun.com  def  nil  
[2016/10/10 00:06:30 130] network    83   ipfromenv ,  ipcfg  open.xf-yun.com  def  nil  
[2016/10/10 00:06:30 132] transport  1166 [soc] connect   116.213.69.195  80  
[2016/10/10 00:06:30 138] transport  1183 mspsoc.open,prot_type=  tcp  
[2016/10/10 00:06:30 149] isr_local  655  local engine ready  
[2016/10/10 00:06:30 153] isr_local  585  esr_flush_buf_audio buffer audio num:  15  
[2016/10/10 00:06:30 155] isr_local  1536 auwl =   6400  
[2016/10/10 00:06:30 158] isr_local  590  esr_audio_write, ret =  0  
[2016/10/10 00:06:30 160] isr_local  1536 auwl =   6400  
[2016/10/10 00:06:30 163] isr_local  590  esr_audio_write, ret =  0  
[2016/10/10 00:06:30 166] isr_local  1536 auwl =   6400  
[2016/10/10 00:06:30 169] isr_local  590  esr_audio_write, ret =  0  
[2016/10/10 00:06:30 171] isr_local  1536 auwl =   6400  
[2016/10/10 00:06:30 176] isr_local  590  esr_audio_write, ret =  0  
[2016/10/10 00:06:30 178] isr_local  1536 auwl =   6400  
[2016/10/10 00:06:30 183] isr_local  590  esr_audio_write, ret =  0  
[2016/10/10 00:06:30 185] isr_local  1536 auwl =   6400  
[2016/10/10 00:06:30 189] isr_local  590  esr_audio_write, ret =  0  
[2016/10/10 00:06:30 191] isr_local  1536 auwl =   6400  
[2016/10/10 00:06:30 197] isr_local  590  esr_audio_write, ret =  0  
[2016/10/10 00:06:30 202] isr_local  1536 auwl =   6400  
[2016/10/10 00:06:30 215] isr_local  590  esr_audio_write, ret =  0  
[2016/10/10 00:06:30 219] isr_local  1536 auwl =   6400  
[2016/10/10 00:06:30 231] isr_local  590  esr_audio_write, ret =  0  
[2016/10/10 00:06:30 233] isr_local  1536 auwl =   6400  
[2016/10/10 00:06:30 241] isr_local  590  esr_audio_write, ret =  0  
[2016/10/10 00:06:30 243] isr_local  1536 auwl =   6400  
[2016/10/10 00:06:30 252] isr_local  590  esr_audio_write, ret =  0  
[2016/10/10 00:06:30 256] isr_local  1536 auwl =   6400  
[2016/10/10 00:06:30 264] isr_local  590  esr_audio_write, ret =  0  
[2016/10/10 00:06:30 266] isr_local  1536 auwl =   6400  
[2016/10/10 00:06:30 272] isr_local  590  esr_audio_write, ret =  0  
[2016/10/10 00:06:30 274] isr_local  1536 auwl =   6400  
[2016/10/10 00:06:30 277] isr_local  590  esr_audio_write, ret =  0  
[2016/10/10 00:06:30 278] isr_local  1536 auwl =   6080  
[2016/10/10 00:06:30 287] isr_local  590  esr_audio_write, ret =  0  
[2016/10/10 00:06:30 293] isr_local  630  local engine started  
[2016/10/10 00:06:30 301] ns         244  ns soc error  10202  
[2016/10/10 00:06:30 308] ns         407  name server http resp  nil  10202  nil  
[2016/10/10 00:06:30 312] ns         551  ns response failed, err =  10202  
[2016/10/10 00:06:30 315] ns         111  ns_host=  open.xf-yun.com  
[2016/10/10 00:06:30 317] ns         113  use default ip  
[2016/10/10 00:06:30 319] transport  974  ns_ip =   116.213.69.195  
[2016/10/10 00:06:30 321] transport  975  ip_type =  def_athopen.xf-yun.com  
[2016/10/10 00:06:30 323] ns         756  no data in ns_q  
[2016/10/10 00:06:30 326] ns         757  conti_ns,ns_inprog =   1  
[2016/10/10 00:06:30 331] transport  545  MSC:[soc] [0] error 10202 101!  
[2016/10/10 00:06:30 341] transport  57   clear_ip ip_type =  def_athopen.xf-yun.com  
[2016/10/10 00:06:30 345] transport  321  soc_conn_failed  
[2016/10/10 00:06:30 348] network    88   iptoenv ,  ipcache  open.xf-yun.com  def  nil  
[2016/10/10 00:06:30 357] transport  390  switch 80  
[2016/10/10 00:06:30 406] transport  1198 [soc] disconnect   
[2016/10/10 00:06:30 623] isr_local  669  final result will throw out next!  
[2016/10/10 00:06:30 641] transport  959  session.domain=  open.xf-yun.com  
[2016/10/10 00:06:30 645] transport  960  url.host=  open.xf-yun.com  
[2016/10/10 00:06:30 659] network    83   ipfromenv ,  ipcache  open.xf-yun.com  def  nil  
[2016/10/10 00:06:30 663] transport  994  NAMESERVER START  
[2016/10/10 00:06:30 665] transport  997  name =   ath  
[2016/10/10 00:06:30 668] ns         727  ntt=  standard  
[2016/10/10 00:06:30 672] transport  1000 trans,ns_inprog =  0  
[2016/10/10 00:06:30 674] ns         682  name server start  
[2016/10/10 00:06:30 677] ns         683  ns_sub =   ath  
[2016/10/10 00:06:30 679] ns         685  ns_host=  open.xf-yun.com  
[2016/10/10 00:06:30 684] ns         403  ns_host=  open.xf-yun.com  
[2016/10/10 00:06:30 685] ns         662  GET /sip/resolver?srand=1010000611.32 HTTP/1.1
Host: hdns.openspeech.cn
Connection: Keep-Alive
X-Par: ver=1.2&appid=583467f7&operator=UNKNOW&nettype=STANDARD&cver=5.0.27.1135&svc=ath&host=open.xf-yun.com&sign=91677fafcc08cf81f93dba4a4b972fdb
User-Agent: iFLYCloud

  
[2016/10/10 00:06:30 688] ns         663  net_type =  standard  
[2016/10/10 00:06:30 689] ns         664  cmwapascmnet =  
[2016/10/10 00:06:30 690] ns         665  uniwapasuninet =  
[2016/10/10 00:06:30 692] ns         666  ctwapasctnet =  
[2016/10/10 00:06:30 694] ns         676  host=  hdns.openspeech.cn  
[2016/10/10 00:06:30 703] isr_local  679  nRecognizeState:  1  
[2016/10/10 00:06:30 710] isr_local  680  nConfidenceScore:  84  
[2016/10/10 00:06:30 713] isr_local  728  result_type :   xml  
[2016/10/10 00:06:30 714] isr_local  729  result_encoding :   UTF-8  
[2016/10/10 00:06:30 716] isr_local  730  is iat :   false  
[2016/10/10 00:06:30 723] isr_local  469  item_count:1  
[2016/10/10 00:06:30 726] isr_local  293  nil  
[2016/10/10 00:06:30 739] isr_local  675  recognized end!  
[2016/10/10 00:06:30 760] ns         290  ns dns resp  10214  
[2016/10/10 00:06:30 766] ns         564  ns dns failed, err =   10214  
[2016/10/10 00:06:30 773] ns         174  ns gethttpresp  117.121.48.5  80  
[2016/10/10 00:06:30 799] transport  295  [dns] [0] failed! 10214  
[2016/10/10 00:06:30 819] network    83   ipfromenv ,  ipcache  open.xf-yun.com  def  nil  
[2016/10/10 00:06:30 830] network    83   ipfromenv ,  ipcfg  open.xf-yun.com  def  nil  
[2016/10/10 00:06:30 839] transport  1166 [soc] connect   116.213.69.195  80  
[2016/10/10 00:06:30 848] transport  1183 mspsoc.open,prot_type=  tcp  
[2016/10/10 00:06:30 870] ns         244  ns soc error  10202  
[2016/10/10 00:06:30 876] ns         407  name server http resp  nil  10202  nil  
[2016/10/10 00:06:30 878] ns         551  ns response failed, err =  10202  
[2016/10/10 00:06:30 882] ns         111  ns_host=  open.xf-yun.com  
[2016/10/10 00:06:30 886] ns         113  use default ip  
[2016/10/10 00:06:30 890] transport  974  ns_ip =   116.213.69.195  
[2016/10/10 00:06:30 892] transport  975  ip_type =  def_athopen.xf-yun.com  
[2016/10/10 00:06:30 897] ns         756  no data in ns_q  
[2016/10/10 00:06:30 902] ns         757  conti_ns,ns_inprog =   1  
[2016/10/10 00:06:30 908] transport  545  MSC:[soc] [0] error 10202 101!  
[2016/10/10 00:06:30 915] transport  57   clear_ip ip_type =  def_athopen.xf-yun.com  
[2016/10/10 00:06:30 918] transport  321  soc_conn_failed  
[2016/10/10 00:06:30 920] network    88   iptoenv ,  ipcache  open.xf-yun.com  def  nil  
[2016/10/10 00:06:30 929] transport  390  switch 80  
[2016/10/10 00:06:30 941] transport  1198 [soc] disconnect   
[2016/10/10 00:06:30 986] isr_local  2117 ASR_LOCAL_MSG_SSE  
[2016/10/10 00:06:31 001] isr_local  1496 esr_session_end | esr_obj:stop ret =  0  
[2016/10/10 00:06:31 008] isr_local  2119 esr_session_end, ret =  0  
[2016/10/10 00:06:31 049] isr_local  2242 last gc at  1476028935  
[2016/10/10 00:06:31 057] isr_local  638  local engine already stopped! stop cmd ignored  
[2016/10/10 00:06:31 150] transport  959  session.domain=  open.xf-yun.com  
[2016/10/10 00:06:31 156] transport  960  url.host=  open.xf-yun.com  
[2016/10/10 00:06:31 182] network    83   ipfromenv ,  ipcache  open.xf-yun.com  def  nil  
[2016/10/10 00:06:31 186] transport  994  NAMESERVER START  
[2016/10/10 00:06:31 192] transport  997  name =   ath  
[2016/10/10 00:06:31 226] ns         727  ntt=  standard  
[2016/10/10 00:06:31 233] transport  1000 trans,ns_inprog =  0  
[2016/10/10 00:06:31 238] ns         682  name server start  
[2016/10/10 00:06:31 244] ns         683  ns_sub =   ath  
[2016/10/10 00:06:31 248] ns         685  ns_host=  open.xf-yun.com  
[2016/10/10 00:06:31 251] ns         403  ns_host=  open.xf-yun.com  
[2016/10/10 00:06:31 253] ns         662  GET /sip/resolver?srand=1010000611.32 HTTP/1.1
Host: hdns.openspeech.cn
Connection: Keep-Alive
X-Par: ver=1.2&appid=583467f7&operator=UNKNOW&nettype=STANDARD&cver=5.0.27.1135&svc=ath&host=open.xf-yun.com&sign=91677fafcc08cf81f93dba4a4b972fdb
User-Agent: iFLYCloud

  
[2016/10/10 00:06:31 256] ns         663  net_type =  standard  
[2016/10/10 00:06:31 259] ns         664  cmwapascmnet =  
[2016/10/10 00:06:31 261] ns         665  uniwapasuninet =  
[2016/10/10 00:06:31 263] ns         666  ctwapasctnet =  
[2016/10/10 00:06:31 265] ns         676  host=  hdns.openspeech.cn  
[2016/10/10 00:06:31 279] ns         290  ns dns resp  10214  
[2016/10/10 00:06:31 281] ns         564  ns dns failed, err =   10214  
[2016/10/10 00:06:31 282] ns         174  ns gethttpresp  117.121.48.5  80  
[2016/10/10 00:06:31 296] transport  295  [dns] [0] failed! 10214  
[2016/10/10 00:06:31 305] network    83   ipfromenv ,  ipcache  open.xf-yun.com  def  nil  
[2016/10/10 00:06:31 312] network    83   ipfromenv ,  ipcfg  open.xf-yun.com  def  nil  
[2016/10/10 00:06:31 314] transport  1166 [soc] connect   116.213.69.195  80  
[2016/10/10 00:06:31 319] transport  1183 mspsoc.open,prot_type=  tcp  
[2016/10/10 00:06:31 335] ns         244  ns soc error  10202  
[2016/10/10 00:06:31 342] ns         407  name server http resp  nil  10202  nil  
[2016/10/10 00:06:31 345] ns         551  ns response failed, err =  10202  
[2016/10/10 00:06:31 347] ns         111  ns_host=  open.xf-yun.com  
[2016/10/10 00:06:31 349] ns         113  use default ip  
[2016/10/10 00:06:31 351] transport  974  ns_ip =   116.213.69.195  
[2016/10/10 00:06:31 355] transport  975  ip_type =  def_athopen.xf-yun.com  
[2016/10/10 00:06:31 358] ns         756  no data in ns_q  
[2016/10/10 00:06:31 360] ns         757  conti_ns,ns_inprog =   1  
[2016/10/10 00:06:31 367] transport  545  MSC:[soc] [0] error 10202 101!  
[2016/10/10 00:06:31 372] transport  57   clear_ip ip_type =  def_athopen.xf-yun.com  
[2016/10/10 00:06:31 374] transport  321  soc_conn_failed  
[2016/10/10 00:06:31 377] network    88   iptoenv ,  ipcache  open.xf-yun.com  def  nil  
[2016/10/10 00:06:31 386] transport  390  switch 80  
[2016/10/10 00:06:31 393] transport  1198 [soc] disconnect   
[2016/10/10 00:06:31 601] transport  959  session.domain=  open.xf-yun.com  
[2016/10/10 00:06:31 608] transport  960  url.host=  open.xf-yun.com  
[2016/10/10 00:06:31 624] network    83   ipfromenv ,  ipcache  open.xf-yun.com  def  nil  
[2016/10/10 00:06:31 627] transport  994  NAMESERVER START  
[2016/10/10 00:06:31 629] transport  997  name =   ath  
[2016/10/10 00:06:31 631] ns         727  ntt=  standard  
[2016/10/10 00:06:31 633] transport  1000 trans,ns_inprog =  0  
[2016/10/10 00:06:31 635] ns         682  name server start  
[2016/10/10 00:06:31 637] ns         683  ns_sub =   ath  
[2016/10/10 00:06:31 639] ns         685  ns_host=  open.xf-yun.com  
[2016/10/10 00:06:31 641] ns         403  ns_host=  open.xf-yun.com  
[2016/10/10 00:06:31 643] ns         662  GET /sip/resolver?srand=1010000611.32 HTTP/1.1
Host: hdns.openspeech.cn
Connection: Keep-Alive
X-Par: ver=1.2&appid=583467f7&operator=UNKNOW&nettype=STANDARD&cver=5.0.27.1135&svc=ath&host=open.xf-yun.com&sign=91677fafcc08cf81f93dba4a4b972fdb
User-Agent: iFLYCloud

  
[2016/10/10 00:06:31 647] ns         663  net_type =  standard  
[2016/10/10 00:06:31 650] ns         664  cmwapascmnet =  
[2016/10/10 00:06:31 652] ns         665  uniwapasuninet =  
[2016/10/10 00:06:31 654] ns         666  ctwapasctnet =  
[2016/10/10 00:06:31 656] ns         676  host=  hdns.openspeech.cn  
[2016/10/10 00:06:31 673] ns         290  ns dns resp  10214  
[2016/10/10 00:06:31 681] ns         564  ns dns failed, err =   10214  
[2016/10/10 00:06:31 684] ns         174  ns gethttpresp  117.121.48.5  80  
[2016/10/10 00:06:31 706] transport  295  [dns] [0] failed! 10214  
[2016/10/10 00:06:31 724] network    83   ipfromenv ,  ipcache  open.xf-yun.com  def  nil  
[2016/10/10 00:06:31 734] network    83   ipfromenv ,  ipcfg  open.xf-yun.com  def  nil  
[2016/10/10 00:06:31 736] transport  1166 [soc] connect   116.213.69.195  80  
[2016/10/10 00:06:31 746] transport  1183 mspsoc.open,prot_type=  tcp  
[2016/10/10 00:06:31 767] ns         244  ns soc error  10202  
[2016/10/10 00:06:31 775] ns         407  name server http resp  nil  10202  nil  
[2016/10/10 00:06:31 779] ns         551  ns response failed, err =  10202  
[2016/10/10 00:06:31 781] ns         111  ns_host=  open.xf-yun.com  
[2016/10/10 00:06:31 784] ns         113  use default ip  
[2016/10/10 00:06:31 786] transport  974  ns_ip =   116.213.69.195  
[2016/10/10 00:06:31 788] transport  975  ip_type =  def_athopen.xf-yun.com  
[2016/10/10 00:06:31 791] ns         756  no data in ns_q  
[2016/10/10 00:06:31 796] ns         757  conti_ns,ns_inprog =   1  
[2016/10/10 00:06:31 803] transport  545  MSC:[soc] [0] error 10202 101!  
[2016/10/10 00:06:31 811] transport  57   clear_ip ip_type =  def_athopen.xf-yun.com  
[2016/10/10 00:06:31 815] transport  321  soc_conn_failed  
[2016/10/10 00:06:31 818] network    88   iptoenv ,  ipcache  open.xf-yun.com  def  nil  
[2016/10/10 00:06:31 828] transport  390  switch 80  
[2016/10/10 00:06:31 844] transport  1198 [soc] disconnect   
[2016/10/10 00:06:32 058] transport  959  session.domain=  open.xf-yun.com  
[2016/10/10 00:06:32 062] transport  960  url.host=  open.xf-yun.com  
[2016/10/10 00:06:32 080] network    83   ipfromenv ,  ipcache  open.xf-yun.com  def  nil  
[2016/10/10 00:06:32 088] transport  994  NAMESERVER START  
[2016/10/10 00:06:32 092] transport  997  name =   ath  
[2016/10/10 00:06:32 096] ns         727  ntt=  standard  
[2016/10/10 00:06:32 100] transport  1000 trans,ns_inprog =  0  
[2016/10/10 00:06:32 103] ns         682  name server start  
[2016/10/10 00:06:32 108] ns         683  ns_sub =   ath  
[2016/10/10 00:06:32 110] ns         685  ns_host=  open.xf-yun.com  
[2016/10/10 00:06:32 113] ns         403  ns_host=  open.xf-yun.com  
[2016/10/10 00:06:32 118] ns         662  GET /sip/resolver?srand=1010000611.32 HTTP/1.1
Host: hdns.openspeech.cn
Connection: Keep-Alive
X-Par: ver=1.2&appid=583467f7&operator=UNKNOW&nettype=STANDARD&cver=5.0.27.1135&svc=ath&host=open.xf-yun.com&sign=91677fafcc08cf81f93dba4a4b972fdb
User-Agent: iFLYCloud

  
[2016/10/10 00:06:32 120] ns         663  net_type =  standard  
[2016/10/10 00:06:32 124] ns         664  cmwapascmnet =  
[2016/10/10 00:06:32 126] ns         665  uniwapasuninet =  
[2016/10/10 00:06:32 128] ns         666  ctwapasctnet =  
[2016/10/10 00:06:32 131] ns         676  host=  hdns.openspeech.cn  
[2016/10/10 00:06:32 148] ns         290  ns dns resp  10214  
[2016/10/10 00:06:32 153] ns         564  ns dns failed, err =   10214  
[2016/10/10 00:06:32 155] ns         174  ns gethttpresp  117.121.48.5  80  
[2016/10/10 00:06:32 170] transport  295  [dns] [0] failed! 10214  
[2016/10/10 00:06:32 175] network    83   ipfromenv ,  ipcache  open.xf-yun.com  def  nil  
[2016/10/10 00:06:32 181] network    83   ipfromenv ,  ipcfg  open.xf-yun.com  def  nil  
[2016/10/10 00:06:32 183] transport  1166 [soc] connect   116.213.69.195  80  
[2016/10/10 00:06:32 187] transport  1183 mspsoc.open,prot_type=  tcp  
[2016/10/10 00:06:32 202] ns         244  ns soc error  10202  
[2016/10/10 00:06:32 206] ns         407  name server http resp  nil  10202  nil  
[2016/10/10 00:06:32 208] ns         551  ns response failed, err =  10202  
[2016/10/10 00:06:32 210] ns         111  ns_host=  open.xf-yun.com  
[2016/10/10 00:06:32 211] ns         113  use default ip  
[2016/10/10 00:06:32 213] transport  974  ns_ip =   116.213.69.195  
[2016/10/10 00:06:32 214] transport  975  ip_type =  def_athopen.xf-yun.com  
[2016/10/10 00:06:32 216] ns         756  no data in ns_q  
[2016/10/10 00:06:32 217] ns         757  conti_ns,ns_inprog =   1  
[2016/10/10 00:06:32 222] transport  545  MSC:[soc] [0] error 10202 101!  
[2016/10/10 00:06:32 226] transport  57   clear_ip ip_type =  def_athopen.xf-yun.com  
[2016/10/10 00:06:32 227] transport  321  soc_conn_failed  
[2016/10/10 00:06:32 228] network    88   iptoenv ,  ipcache  open.xf-yun.com  def  nil  
[2016/10/10 00:06:32 233] transport  390  switch 80  
[2016/10/10 00:06:32 236] transport  1198 [soc] disconnect   
[2016/10/10 00:06:32 444] transport  959  session.domain=  open.xf-yun.com  
[2016/10/10 00:06:32 453] transport  960  url.host=  open.xf-yun.com  
[2016/10/10 00:06:32 469] network    83   ipfromenv ,  ipcache  open.xf-yun.com  def  nil  
[2016/10/10 00:06:32 474] transport  994  NAMESERVER START  
[2016/10/10 00:06:32 478] transport  997  name =   ath  
[2016/10/10 00:06:32 483] ns         727  ntt=  standard  
[2016/10/10 00:06:32 488] transport  1000 trans,ns_inprog =  0  
[2016/10/10 00:06:32 492] ns         682  name server start  
[2016/10/10 00:06:32 496] ns         683  ns_sub =   ath  
[2016/10/10 00:06:32 500] ns         685  ns_host=  open.xf-yun.com  
[2016/10/10 00:06:32 506] ns         403  ns_host=  open.xf-yun.com  
[2016/10/10 00:06:32 510] ns         662  GET /sip/resolver?srand=1010000611.32 HTTP/1.1
Host: hdns.openspeech.cn
Connection: Keep-Alive
X-Par: ver=1.2&appid=583467f7&operator=UNKNOW&nettype=STANDARD&cver=5.0.27.1135&svc=ath&host=open.xf-yun.com&sign=91677fafcc08cf81f93dba4a4b972fdb
User-Agent: iFLYCloud

  
[2016/10/10 00:06:32 515] ns         663  net_type =  standard  
[2016/10/10 00:06:32 521] ns         664  cmwapascmnet =  
[2016/10/10 00:06:32 526] ns         665  uniwapasuninet =  
[2016/10/10 00:06:32 531] ns         666  ctwapasctnet =  
[2016/10/10 00:06:32 535] ns         676  host=  hdns.openspeech.cn  
[2016/10/10 00:06:32 558] ns         290  ns dns resp  10214  
[2016/10/10 00:06:32 563] ns         564  ns dns failed, err =   10214  
[2016/10/10 00:06:32 565] ns         174  ns gethttpresp  117.121.48.5  80  
[2016/10/10 00:06:32 582] transport  295  [dns] [0] failed! 10214  
[2016/10/10 00:06:32 590] network    83   ipfromenv ,  ipcache  open.xf-yun.com  def  nil  
[2016/10/10 00:06:32 599] network    83   ipfromenv ,  ipcfg  open.xf-yun.com  def  nil  
[2016/10/10 00:06:32 601] transport  1166 [soc] connect   116.213.69.195  80  
[2016/10/10 00:06:32 605] transport  1183 mspsoc.open,prot_type=  tcp  
[2016/10/10 00:06:32 620] ns         244  ns soc error  10202  
[2016/10/10 00:06:32 626] ns         407  name server http resp  nil  10202  nil  
[2016/10/10 00:06:32 629] ns         551  ns response failed, err =  10202  
[2016/10/10 00:06:32 631] ns         111  ns_host=  open.xf-yun.com  
[2016/10/10 00:06:32 633] ns         113  use default ip  
[2016/10/10 00:06:32 635] transport  974  ns_ip =   116.213.69.195  
[2016/10/10 00:06:32 638] transport  975  ip_type =  def_athopen.xf-yun.com  
[2016/10/10 00:06:32 640] ns         756  no data in ns_q  
[2016/10/10 00:06:32 642] ns         757  conti_ns,ns_inprog =   1  
[2016/10/10 00:06:32 650] transport  545  MSC:[soc] [0] error 10202 101!  
[2016/10/10 00:06:32 657] transport  57   clear_ip ip_type =  def_athopen.xf-yun.com  
[2016/10/10 00:06:32 659] transport  321  soc_conn_failed  
[2016/10/10 00:06:32 661] network    88   iptoenv ,  ipcache  open.xf-yun.com  def  nil  
[2016/10/10 00:06:32 669] transport  390  switch 80  
[2016/10/10 00:06:32 680] transport  1198 [soc] disconnect   
[2016/10/10 00:06:32 890] transport  959  session.domain=  open.xf-yun.com  
[2016/10/10 00:06:32 896] transport  960  url.host=  open.xf-yun.com  
[2016/10/10 00:06:32 914] network    83   ipfromenv ,  ipcache  open.xf-yun.com  def  nil  
[2016/10/10 00:06:32 920] transport  994  NAMESERVER START  
[2016/10/10 00:06:32 929] transport  997  name =   ath  
[2016/10/10 00:06:32 936] ns         727  ntt=  standard  
[2016/10/10 00:06:32 940] transport  1000 trans,ns_inprog =  0  
[2016/10/10 00:06:32 944] ns         682  name server start  
[2016/10/10 00:06:32 950] ns         683  ns_sub =   ath  
[2016/10/10 00:06:32 954] ns         685  ns_host=  open.xf-yun.com  
[2016/10/10 00:06:32 958] ns         403  ns_host=  open.xf-yun.com  
[2016/10/10 00:06:32 962] ns         662  GET /sip/resolver?srand=1010000611.32 HTTP/1.1
Host: hdns.openspeech.cn
Connection: Keep-Alive
X-Par: ver=1.2&appid=583467f7&operator=UNKNOW&nettype=STANDARD&cver=5.0.27.1135&svc=ath&host=open.xf-yun.com&sign=91677fafcc08cf81f93dba4a4b972fdb
User-Agent: iFLYCloud

  
[2016/10/10 00:06:32 966] ns         663  net_type =  standard  
[2016/10/10 00:06:32 970] ns         664  cmwapascmnet =  
[2016/10/10 00:06:32 972] ns         665  uniwapasuninet =  
[2016/10/10 00:06:32 975] ns         666  ctwapasctnet =  
[2016/10/10 00:06:32 978] ns         676  host=  hdns.openspeech.cn  
[2016/10/10 00:06:32 999] ns         290  ns dns resp  10214  
[2016/10/10 00:06:33 002] ns         564  ns dns failed, err =   10214  
[2016/10/10 00:06:33 005] ns         174  ns gethttpresp  117.121.48.5  80  
[2016/10/10 00:06:33 028] transport  295  [dns] [0] failed! 10214  
[2016/10/10 00:06:33 038] network    83   ipfromenv ,  ipcache  open.xf-yun.com  def  nil  
[2016/10/10 00:06:33 047] network    83   ipfromenv ,  ipcfg  open.xf-yun.com  def  nil  
[2016/10/10 00:06:33 049] transport  1166 [soc] connect   116.213.69.195  80  
[2016/10/10 00:06:33 056] transport  1183 mspsoc.open,prot_type=  tcp  
[2016/10/10 00:06:33 077] ns         244  ns soc error  10202  
[2016/10/10 00:06:33 085] ns         407  name server http resp  nil  10202  nil  
[2016/10/10 00:06:33 089] ns         551  ns response failed, err =  10202  
[2016/10/10 00:06:33 091] ns         111  ns_host=  open.xf-yun.com  
[2016/10/10 00:06:33 092] ns         113  use default ip  
[2016/10/10 00:06:33 095] transport  974  ns_ip =   116.213.69.195  
[2016/10/10 00:06:33 096] transport  975  ip_type =  def_athopen.xf-yun.com  
[2016/10/10 00:06:33 099] ns         756  no data in ns_q  
[2016/10/10 00:06:33 101] ns         757  conti_ns,ns_inprog =   1  
[2016/10/10 00:06:33 111] transport  545  MSC:[soc] [0] error 10202 101!  
[2016/10/10 00:06:33 119] transport  57   clear_ip ip_type =  def_athopen.xf-yun.com  
[2016/10/10 00:06:33 121] transport  321  soc_conn_failed  
[2016/10/10 00:06:33 123] network    88   iptoenv ,  ipcache  open.xf-yun.com  def  nil  
[2016/10/10 00:06:33 135] transport  390  switch 80  
[2016/10/10 00:06:33 143] transport  1198 [soc] disconnect   
[2016/10/10 00:06:33 359] transport  959  session.domain=  open.xf-yun.com  
[2016/10/10 00:06:33 372] transport  960  url.host=  open.xf-yun.com  
[2016/10/10 00:06:33 391] network    83   ipfromenv ,  ipcache  open.xf-yun.com  def  nil  
[2016/10/10 00:06:33 396] transport  994  NAMESERVER START  
[2016/10/10 00:06:33 403] transport  997  name =   ath  
[2016/10/10 00:06:33 407] ns         727  ntt=  standard  
[2016/10/10 00:06:33 412] transport  1000 trans,ns_inprog =  0  
[2016/10/10 00:06:33 422] ns         682  name server start  
[2016/10/10 00:06:33 425] ns         683  ns_sub =   ath  
[2016/10/10 00:06:33 430] ns         685  ns_host=  open.xf-yun.com  
[2016/10/10 00:06:33 432] ns         403  ns_host=  open.xf-yun.com  
[2016/10/10 00:06:33 435] ns         662  GET /sip/resolver?srand=1010000611.32 HTTP/1.1
Host: hdns.openspeech.cn
Connection: Keep-Alive
X-Par: ver=1.2&appid=583467f7&operator=UNKNOW&nettype=STANDARD&cver=5.0.27.1135&svc=ath&host=open.xf-yun.com&sign=91677fafcc08cf81f93dba4a4b972fdb
User-Agent: iFLYCloud

  
[2016/10/10 00:06:33 438] ns         663  net_type =  standard  
[2016/10/10 00:06:33 440] ns         664  cmwapascmnet =  
[2016/10/10 00:06:33 445] ns         665  uniwapasuninet =  
[2016/10/10 00:06:33 447] ns         666  ctwapasctnet =  
[2016/10/10 00:06:33 449] ns         676  host=  hdns.openspeech.cn  
[2016/10/10 00:06:33 472] ns         290  ns dns resp  10214  
[2016/10/10 00:06:33 475] ns         564  ns dns failed, err =   10214  
[2016/10/10 00:06:33 479] ns         174  ns gethttpresp  117.121.48.5  80  
[2016/10/10 00:06:33 501] transport  295  [dns] [0] failed! 10214  
[2016/10/10 00:06:33 510] network    83   ipfromenv ,  ipcache  open.xf-yun.com  def  nil  
[2016/10/10 00:06:33 520] network    83   ipfromenv ,  ipcfg  open.xf-yun.com  def  nil  
[2016/10/10 00:06:33 525] transport  1166 [soc] connect   116.213.69.195  80  
[2016/10/10 00:06:33 531] transport  1183 mspsoc.open,prot_type=  tcp  
[2016/10/10 00:06:33 549] ns         244  ns soc error  10202  
[2016/10/10 00:06:33 555] ns         407  name server http resp  nil  10202  nil  
[2016/10/10 00:06:33 561] ns         551  ns response failed, err =  10202  
[2016/10/10 00:06:33 564] ns         111  ns_host=  open.xf-yun.com  
[2016/10/10 00:06:33 567] ns         113  use default ip  
[2016/10/10 00:06:33 571] transport  974  ns_ip =   116.213.69.195  
[2016/10/10 00:06:33 574] transport  975  ip_type =  def_athopen.xf-yun.com  
[2016/10/10 00:06:33 576] ns         756  no data in ns_q  
[2016/10/10 00:06:33 578] ns         757  conti_ns,ns_inprog =   1  
[2016/10/10 00:06:33 589] transport  545  MSC:[soc] [0] error 10202 101!  
[2016/10/10 00:06:33 594] transport  57   clear_ip ip_type =  def_athopen.xf-yun.com  
[2016/10/10 00:06:33 596] transport  321  soc_conn_failed  
[2016/10/10 00:06:33 598] network    88   iptoenv ,  ipcache  open.xf-yun.com  def  nil  
[2016/10/10 00:06:33 606] transport  390  switch 80  
[2016/10/10 00:06:33 618] transport  1198 [soc] disconnect   
[2016/10/10 00:06:33 837] transport  959  session.domain=  open.xf-yun.com  
[2016/10/10 00:06:33 844] transport  960  url.host=  open.xf-yun.com  
[2016/10/10 00:06:33 861] network    83   ipfromenv ,  ipcache  open.xf-yun.com  def  nil  
[2016/10/10 00:06:33 865] transport  994  NAMESERVER START  
[2016/10/10 00:06:33 870] transport  997  name =   ath  
[2016/10/10 00:06:33 874] ns         727  ntt=  standard  
[2016/10/10 00:06:33 877] transport  1000 trans,ns_inprog =  0  
[2016/10/10 00:06:33 881] ns         682  name server start  
[2016/10/10 00:06:33 884] ns         683  ns_sub =   ath  
[2016/10/10 00:06:33 887] ns         685  ns_host=  open.xf-yun.com  
[2016/10/10 00:06:33 889] ns         403  ns_host=  open.xf-yun.com  
[2016/10/10 00:06:33 892] ns         662  GET /sip/resolver?srand=1010000611.32 HTTP/1.1
Host: hdns.openspeech.cn
Connection: Keep-Alive
X-Par: ver=1.2&appid=583467f7&operator=UNKNOW&nettype=STANDARD&cver=5.0.27.1135&svc=ath&host=open.xf-yun.com&sign=91677fafcc08cf81f93dba4a4b972fdb
User-Agent: iFLYCloud

  
[2016/10/10 00:06:33 903] ns         663  net_type =  standard  
[2016/10/10 00:06:33 907] ns         664  cmwapascmnet =  
[2016/10/10 00:06:33 911] ns         665  uniwapasuninet =  
[2016/10/10 00:06:33 915] ns         666  ctwapasctnet =  
[2016/10/10 00:06:33 918] ns         676  host=  hdns.openspeech.cn  
[2016/10/10 00:06:33 939] ns         290  ns dns resp  10214  
[2016/10/10 00:06:33 945] ns         564  ns dns failed, err =   10214  
[2016/10/10 00:06:33 947] ns         174  ns gethttpresp  117.121.48.5  80  
[2016/10/10 00:06:33 963] transport  295  [dns] [0] failed! 10214  
[2016/10/10 00:06:33 971] network    83   ipfromenv ,  ipcache  open.xf-yun.com  def  nil  
[2016/10/10 00:06:33 978] network    83   ipfromenv ,  ipcfg  open.xf-yun.com  def  nil  
[2016/10/10 00:06:33 980] transport  1166 [soc] connect   116.213.69.195  80  
[2016/10/10 00:06:33 985] transport  1183 mspsoc.open,prot_type=  tcp  
[2016/10/10 00:06:34 001] ns         244  ns soc error  10202  
[2016/10/10 00:06:34 006] ns         407  name server http resp  nil  10202  nil  
[2016/10/10 00:06:34 010] ns         551  ns response failed, err =  10202  
[2016/10/10 00:06:34 012] ns         111  ns_host=  open.xf-yun.com  
[2016/10/10 00:06:34 014] ns         113  use default ip  
[2016/10/10 00:06:34 016] transport  974  ns_ip =   116.213.69.195  
[2016/10/10 00:06:34 019] transport  975  ip_type =  def_athopen.xf-yun.com  
[2016/10/10 00:06:34 023] ns         756  no data in ns_q  
[2016/10/10 00:06:34 025] ns         757  conti_ns,ns_inprog =   1  
[2016/10/10 00:06:34 032] transport  545  MSC:[soc] [0] error 10202 101!  
[2016/10/10 00:06:34 037] transport  57   clear_ip ip_type =  def_athopen.xf-yun.com  
[2016/10/10 00:06:34 039] transport  321  soc_conn_failed  
[2016/10/10 00:06:34 041] network    88   iptoenv ,  ipcache  open.xf-yun.com  def  nil  
[2016/10/10 00:06:34 050] transport  390  switch 80  
[2016/10/10 00:06:34 061] transport  1198 [soc] disconnect   
[2016/10/10 00:06:34 271] transport  959  session.domain=  open.xf-yun.com  
[2016/10/10 00:06:34 277] transport  960  url.host=  open.xf-yun.com  
[2016/10/10 00:06:34 291] network    83   ipfromenv ,  ipcache  open.xf-yun.com  def  nil  
[2016/10/10 00:06:34 298] transport  994  NAMESERVER START  
[2016/10/10 00:06:34 308] transport  997  name =   ath  
[2016/10/10 00:06:34 312] ns         727  ntt=  standard  
[2016/10/10 00:06:34 317] transport  1000 trans,ns_inprog =  0  
[2016/10/10 00:06:34 321] ns         682  name server start  
[2016/10/10 00:06:34 324] ns         683  ns_sub =   ath  
[2016/10/10 00:06:34 332] ns         685  ns_host=  open.xf-yun.com  
[2016/10/10 00:06:34 338] ns         403  ns_host=  open.xf-yun.com  
[2016/10/10 00:06:34 343] ns         662  GET /sip/resolver?srand=1010000611.32 HTTP/1.1
Host: hdns.openspeech.cn
Connection: Keep-Alive
X-Par: ver=1.2&appid=583467f7&operator=UNKNOW&nettype=STANDARD&cver=5.0.27.1135&svc=ath&host=open.xf-yun.com&sign=91677fafcc08cf81f93dba4a4b972fdb
User-Agent: iFLYCloud

  
[2016/10/10 00:06:34 348] ns         663  net_type =  standard  
[2016/10/10 00:06:34 350] ns         664  cmwapascmnet =  
[2016/10/10 00:06:34 352] ns         665  uniwapasuninet =  
[2016/10/10 00:06:34 355] ns         666  ctwapasctnet =  
[2016/10/10 00:06:34 357] ns         676  host=  hdns.openspeech.cn  
[2016/10/10 00:06:34 374] ns         290  ns dns resp  10214  
[2016/10/10 00:06:34 379] ns         564  ns dns failed, err =   10214  
[2016/10/10 00:06:34 382] ns         174  ns gethttpresp  117.121.48.5  80  
[2016/10/10 00:06:34 397] transport  295  [dns] [0] failed! 10214  
[2016/10/10 00:06:34 406] network    83   ipfromenv ,  ipcache  open.xf-yun.com  def  nil  
[2016/10/10 00:06:34 413] network    83   ipfromenv ,  ipcfg  open.xf-yun.com  def  nil  
[2016/10/10 00:06:34 415] transport  1166 [soc] connect   116.213.69.195  80  
[2016/10/10 00:06:34 420] transport  1183 mspsoc.open,prot_type=  tcp  
[2016/10/10 00:06:34 436] ns         244  ns soc error  10202  
[2016/10/10 00:06:34 444] ns         407  name server http resp  nil  10202  nil  
[2016/10/10 00:06:34 446] ns         551  ns response failed, err =  10202  
[2016/10/10 00:06:34 449] ns         111  ns_host=  open.xf-yun.com  
[2016/10/10 00:06:34 451] ns         113  use default ip  
[2016/10/10 00:06:34 453] transport  974  ns_ip =   116.213.69.195  
[2016/10/10 00:06:34 455] transport  975  ip_type =  def_athopen.xf-yun.com  
[2016/10/10 00:06:34 457] ns         756  no data in ns_q  
[2016/10/10 00:06:34 459] ns         757  conti_ns,ns_inprog =   1  
[2016/10/10 00:06:34 467] transport  545  MSC:[soc] [0] error 10202 101!  
[2016/10/10 00:06:34 472] transport  57   clear_ip ip_type =  def_athopen.xf-yun.com  
[2016/10/10 00:06:34 475] transport  321  soc_conn_failed  
[2016/10/10 00:06:34 477] network    88   iptoenv ,  ipcache  open.xf-yun.com  def  nil  
[2016/10/10 00:06:34 485] transport  390  switch 80  
[2016/10/10 00:06:34 495] transport  1198 [soc] disconnect   
[2016/10/10 00:06:34 704] transport  959  session.domain=  open.xf-yun.com  
[2016/10/10 00:06:34 710] transport  960  url.host=  open.xf-yun.com  
[2016/10/10 00:06:34 727] network    83   ipfromenv ,  ipcache  open.xf-yun.com  def  nil  
[2016/10/10 00:06:34 733] transport  994  NAMESERVER START  
[2016/10/10 00:06:34 737] transport  997  name =   ath  
[2016/10/10 00:06:34 741] ns         727  ntt=  standard  
[2016/10/10 00:06:34 745] transport  1000 trans,ns_inprog =  0  
[2016/10/10 00:06:34 749] ns         682  name server start  
[2016/10/10 00:06:34 755] ns         683  ns_sub =   ath  
[2016/10/10 00:06:34 761] ns         685  ns_host=  open.xf-yun.com  
[2016/10/10 00:06:34 766] ns         403  ns_host=  open.xf-yun.com  
[2016/10/10 00:06:34 770] ns         662  GET /sip/resolver?srand=1010000611.32 HTTP/1.1
Host: hdns.openspeech.cn
Connection: Keep-Alive
X-Par: ver=1.2&appid=583467f7&operator=UNKNOW&nettype=STANDARD&cver=5.0.27.1135&svc=ath&host=open.xf-yun.com&sign=91677fafcc08cf81f93dba4a4b972fdb
User-Agent: iFLYCloud

  
[2016/10/10 00:06:34 775] ns         663  net_type =  standard  
[2016/10/10 00:06:34 777] ns         664  cmwapascmnet =  
[2016/10/10 00:06:34 779] ns         665  uniwapasuninet =  
[2016/10/10 00:06:34 781] ns         666  ctwapasctnet =  
[2016/10/10 00:06:34 783] ns         676  host=  hdns.openspeech.cn  
[2016/10/10 00:06:34 802] ns         290  ns dns resp  10214  
[2016/10/10 00:06:34 808] ns         564  ns dns failed, err =   10214  
[2016/10/10 00:06:34 810] ns         174  ns gethttpresp  117.121.48.5  80  
[2016/10/10 00:06:34 827] transport  295  [dns] [0] failed! 10214  
[2016/10/10 00:06:34 838] network    83   ipfromenv ,  ipcache  open.xf-yun.com  def  nil  
[2016/10/10 00:06:34 845] network    83   ipfromenv ,  ipcfg  open.xf-yun.com  def  nil  
[2016/10/10 00:06:34 848] transport  1166 [soc] connect   116.213.69.195  80  
[2016/10/10 00:06:34 852] transport  1183 mspsoc.open,prot_type=  tcp  
[2016/10/10 00:06:34 871] ns         244  ns soc error  10202  
[2016/10/10 00:06:34 878] ns         407  name server http resp  nil  10202  nil  
[2016/10/10 00:06:34 880] ns         551  ns response failed, err =  10202  
[2016/10/10 00:06:34 882] ns         111  ns_host=  open.xf-yun.com  
[2016/10/10 00:06:34 884] ns         113  use default ip  
[2016/10/10 00:06:34 886] transport  974  ns_ip =   116.213.69.195  
[2016/10/10 00:06:34 888] transport  975  ip_type =  def_athopen.xf-yun.com  
[2016/10/10 00:06:34 890] ns         756  no data in ns_q  
[2016/10/10 00:06:34 893] ns         757  conti_ns,ns_inprog =   1  
[2016/10/10 00:06:34 899] transport  545  MSC:[soc] [0] error 10202 101!  
[2016/10/10 00:06:34 903] transport  57   clear_ip ip_type =  def_athopen.xf-yun.com  
[2016/10/10 00:06:34 905] transport  321  soc_conn_failed  
[2016/10/10 00:06:34 906] network    88   iptoenv ,  ipcache  open.xf-yun.com  def  nil  
[2016/10/10 00:06:34 911] transport  390  switch 80  
[2016/10/10 00:06:34 916] transport  1198 [soc] disconnect   
[2016/10/10 00:06:35 128] transport  959  session.domain=  open.xf-yun.com  
[2016/10/10 00:06:35 132] transport  960  url.host=  open.xf-yun.com  
[2016/10/10 00:06:35 153] network    83   ipfromenv ,  ipcache  open.xf-yun.com  def  nil  
[2016/10/10 00:06:35 158] transport  994  NAMESERVER START  
[2016/10/10 00:06:35 162] transport  997  name =   ath  
[2016/10/10 00:06:35 165] ns         727  ntt=  standard  
[2016/10/10 00:06:35 167] transport  1000 trans,ns_inprog =  0  
[2016/10/10 00:06:35 170] ns         682  name server start  
[2016/10/10 00:06:35 172] ns         683  ns_sub =   ath  
[2016/10/10 00:06:35 174] ns         685  ns_host=  open.xf-yun.com  
[2016/10/10 00:06:35 177] ns         403  ns_host=  open.xf-yun.com  
[2016/10/10 00:06:35 179] ns         662  GET /sip/resolver?srand=1010000611.32 HTTP/1.1
Host: hdns.openspeech.cn
Connection: Keep-Alive
X-Par: ver=1.2&appid=583467f7&operator=UNKNOW&nettype=STANDARD&cver=5.0.27.1135&svc=ath&host=open.xf-yun.com&sign=91677fafcc08cf81f93dba4a4b972fdb
User-Agent: iFLYCloud

  
[2016/10/10 00:06:35 182] ns         663  net_type =  standard  
[2016/10/10 00:06:35 184] ns         664  cmwapascmnet =  
[2016/10/10 00:06:35 186] ns         665  uniwapasuninet =  
[2016/10/10 00:06:35 188] ns         666  ctwapasctnet =  
[2016/10/10 00:06:35 190] ns         676  host=  hdns.openspeech.cn  
[2016/10/10 00:06:35 212] ns         290  ns dns resp  10214  
[2016/10/10 00:06:35 214] ns         564  ns dns failed, err =   10214  
[2016/10/10 00:06:35 216] ns         174  ns gethttpresp  117.121.48.5  80  
[2016/10/10 00:06:35 233] transport  295  [dns] [0] failed! 10214  
[2016/10/10 00:06:35 240] network    83   ipfromenv ,  ipcache  open.xf-yun.com  def  nil  
[2016/10/10 00:06:35 249] network    83   ipfromenv ,  ipcfg  open.xf-yun.com  def  nil  
[2016/10/10 00:06:35 251] transport  1166 [soc] connect   116.213.69.195  80  
[2016/10/10 00:06:35 255] transport  1183 mspsoc.open,prot_type=  tcp  
[2016/10/10 00:06:35 273] ns         244  ns soc error  10202  
[2016/10/10 00:06:35 279] ns         407  name server http resp  nil  10202  nil  
[2016/10/10 00:06:35 281] ns         551  ns response failed, err =  10202  
[2016/10/10 00:06:35 283] ns         111  ns_host=  open.xf-yun.com  
[2016/10/10 00:06:35 285] ns         113  use default ip  
[2016/10/10 00:06:35 287] transport  974  ns_ip =   116.213.69.195  
[2016/10/10 00:06:35 289] transport  975  ip_type =  def_athopen.xf-yun.com  
[2016/10/10 00:06:35 293] ns         756  no data in ns_q  
[2016/10/10 00:06:35 295] ns         757  conti_ns,ns_inprog =   1  
[2016/10/10 00:06:35 302] transport  545  MSC:[soc] [0] error 10202 101!  
[2016/10/10 00:06:35 309] transport  57   clear_ip ip_type =  def_athopen.xf-yun.com  
[2016/10/10 00:06:35 311] transport  321  soc_conn_failed  
[2016/10/10 00:06:35 313] network    88   iptoenv ,  ipcache  open.xf-yun.com  def  nil  
[2016/10/10 00:06:35 321] transport  390  switch 80  
[2016/10/10 00:06:35 332] transport  1198 [soc] disconnect   
[2016/10/10 00:06:35 544] transport  959  session.domain=  open.xf-yun.com  
[2016/10/10 00:06:35 551] transport  960  url.host=  open.xf-yun.com  
[2016/10/10 00:06:35 565] network    83   ipfromenv ,  ipcache  open.xf-yun.com  def  nil  
[2016/10/10 00:06:35 571] transport  994  NAMESERVER START  
[2016/10/10 00:06:35 578] transport  997  name =   ath  
[2016/10/10 00:06:35 582] ns         727  ntt=  standard  
[2016/10/10 00:06:35 586] transport  1000 trans,ns_inprog =  0  
[2016/10/10 00:06:35 592] ns         682  name server start  
[2016/10/10 00:06:35 596] ns         683  ns_sub =   ath  
[2016/10/10 00:06:35 599] ns         685  ns_host=  open.xf-yun.com  
[2016/10/10 00:06:35 603] ns         403  ns_host=  open.xf-yun.com  
[2016/10/10 00:06:35 606] ns         662  GET /sip/resolver?srand=1010000611.32 HTTP/1.1
Host: hdns.openspeech.cn
Connection: Keep-Alive
X-Par: ver=1.2&appid=583467f7&operator=UNKNOW&nettype=STANDARD&cver=5.0.27.1135&svc=ath&host=open.xf-yun.com&sign=91677fafcc08cf81f93dba4a4b972fdb
User-Agent: iFLYCloud

  
[2016/10/10 00:06:35 610] ns         663  net_type =  standard  
[2016/10/10 00:06:35 612] ns         664  cmwapascmnet =  
[2016/10/10 00:06:35 615] ns         665  uniwapasuninet =  
[2016/10/10 00:06:35 617] ns         666  ctwapasctnet =  
[2016/10/10 00:06:35 619] ns         676  host=  hdns.openspeech.cn  
[2016/10/10 00:06:35 636] ns         290  ns dns resp  10214  
[2016/10/10 00:06:35 639] ns         564  ns dns failed, err =   10214  
[2016/10/10 00:06:35 641] ns         174  ns gethttpresp  117.121.48.5  80  
[2016/10/10 00:06:35 656] transport  295  [dns] [0] failed! 10214  
[2016/10/10 00:06:35 663] network    83   ipfromenv ,  ipcache  open.xf-yun.com  def  nil  
[2016/10/10 00:06:35 672] network    83   ipfromenv ,  ipcfg  open.xf-yun.com  def  nil  
[2016/10/10 00:06:35 674] transport  1166 [soc] connect   116.213.69.195  80  
[2016/10/10 00:06:35 678] transport  1183 mspsoc.open,prot_type=  tcp  
[2016/10/10 00:06:35 696] ns         244  ns soc error  10202  
[2016/10/10 00:06:35 702] ns         407  name server http resp  nil  10202  nil  
[2016/10/10 00:06:35 704] ns         551  ns response failed, err =  10202  
[2016/10/10 00:06:35 707] ns         111  ns_host=  open.xf-yun.com  
[2016/10/10 00:06:35 709] ns         113  use default ip  
[2016/10/10 00:06:35 711] transport  974  ns_ip =   116.213.69.195  
[2016/10/10 00:06:35 713] transport  975  ip_type =  def_athopen.xf-yun.com  
[2016/10/10 00:06:35 715] ns         756  no data in ns_q  
[2016/10/10 00:06:35 717] ns         757  conti_ns,ns_inprog =   1  
[2016/10/10 00:06:35 725] transport  545  MSC:[soc] [0] error 10202 101!  
[2016/10/10 00:06:35 733] transport  57   clear_ip ip_type =  def_athopen.xf-yun.com  
[2016/10/10 00:06:35 735] transport  321  soc_conn_failed  
[2016/10/10 00:06:35 737] network    88   iptoenv ,  ipcache  open.xf-yun.com  def  nil  
[2016/10/10 00:06:35 747] transport  390  switch 80  
[2016/10/10 00:06:35 757] transport  1198 [soc] disconnect   
[2016/10/10 00:06:35 970] transport  959  session.domain=  open.xf-yun.com  
[2016/10/10 00:06:35 974] transport  960  url.host=  open.xf-yun.com  
[2016/10/10 00:06:35 988] network    83   ipfromenv ,  ipcache  open.xf-yun.com  def  nil  
[2016/10/10 00:06:35 992] transport  994  NAMESERVER START  
[2016/10/10 00:06:35 995] transport  997  name =   ath  
[2016/10/10 00:06:35 997] ns         727  ntt=  standard  
[2016/10/10 00:06:36 002] transport  1000 trans,ns_inprog =  0  
[2016/10/10 00:06:36 005] ns         682  name server start  
[2016/10/10 00:06:36 009] ns         683  ns_sub =   ath  
[2016/10/10 00:06:36 012] ns         685  ns_host=  open.xf-yun.com  
[2016/10/10 00:06:36 014] ns         403  ns_host=  open.xf-yun.com  
[2016/10/10 00:06:36 016] ns         662  GET /sip/resolver?srand=1010000611.32 HTTP/1.1
Host: hdns.openspeech.cn
Connection: Keep-Alive
X-Par: ver=1.2&appid=583467f7&operator=UNKNOW&nettype=STANDARD&cver=5.0.27.1135&svc=ath&host=open.xf-yun.com&sign=91677fafcc08cf81f93dba4a4b972fdb
User-Agent: iFLYCloud

  
[2016/10/10 00:06:36 020] ns         663  net_type =  standard  
[2016/10/10 00:06:36 022] ns         664  cmwapascmnet =  
[2016/10/10 00:06:36 024] ns         665  uniwapasuninet =  
[2016/10/10 00:06:36 026] ns         666  ctwapasctnet =  
[2016/10/10 00:06:36 028] ns         676  host=  hdns.openspeech.cn  
[2016/10/10 00:06:36 047] ns         290  ns dns resp  10214  
[2016/10/10 00:06:36 050] ns         564  ns dns failed, err =   10214  
[2016/10/10 00:06:36 052] ns         174  ns gethttpresp  117.121.48.5  80  
[2016/10/10 00:06:36 067] transport  295  [dns] [0] failed! 10214  
[2016/10/10 00:06:36 075] network    83   ipfromenv ,  ipcache  open.xf-yun.com  def  nil  
[2016/10/10 00:06:36 082] network    83   ipfromenv ,  ipcfg  open.xf-yun.com  def  nil  
[2016/10/10 00:06:36 084] transport  1166 [soc] connect   116.213.69.195  80  
[2016/10/10 00:06:36 089] transport  1183 mspsoc.open,prot_type=  tcp  
[2016/10/10 00:06:36 104] ns         244  ns soc error  10202  
[2016/10/10 00:06:36 113] ns         407  name server http resp  nil  10202  nil  
[2016/10/10 00:06:36 116] ns         551  ns response failed, err =  10202  
[2016/10/10 00:06:36 119] ns         111  ns_host=  open.xf-yun.com  
[2016/10/10 00:06:36 121] ns         113  use default ip  
[2016/10/10 00:06:36 124] transport  974  ns_ip =   116.213.69.195  
[2016/10/10 00:06:36 126] transport  975  ip_type =  def_athopen.xf-yun.com  
[2016/10/10 00:06:36 128] ns         756  no data in ns_q  
[2016/10/10 00:06:36 130] ns         757  conti_ns,ns_inprog =   1  
[2016/10/10 00:06:36 139] transport  545  MSC:[soc] [0] error 10202 101!  
[2016/10/10 00:06:36 144] transport  57   clear_ip ip_type =  def_athopen.xf-yun.com  
[2016/10/10 00:06:36 146] transport  321  soc_conn_failed  
[2016/10/10 00:06:36 148] network    88   iptoenv ,  ipcache  open.xf-yun.com  def  nil  
[2016/10/10 00:06:36 156] transport  390  switch 80  
[2016/10/10 00:06:36 164] transport  1198 [soc] disconnect   
[2016/10/10 00:06:36 377] transport  959  session.domain=  open.xf-yun.com  
[2016/10/10 00:06:36 382] transport  960  url.host=  open.xf-yun.com  
[2016/10/10 00:06:36 399] network    83   ipfromenv ,  ipcache  open.xf-yun.com  def  nil  
[2016/10/10 00:06:36 404] transport  994  NAMESERVER START  
[2016/10/10 00:06:36 411] transport  997  name =   ath  
[2016/10/10 00:06:36 416] ns         727  ntt=  standard  
[2016/10/10 00:06:36 422] transport  1000 trans,ns_inprog =  0  
[2016/10/10 00:06:36 427] ns         682  name server start  
[2016/10/10 00:06:36 432] ns         683  ns_sub =   ath  
[2016/10/10 00:06:36 436] ns         685  ns_host=  open.xf-yun.com  
[2016/10/10 00:06:36 443] ns         403  ns_host=  open.xf-yun.com  
[2016/10/10 00:06:36 448] ns         662  GET /sip/resolver?srand=1010000611.32 HTTP/1.1
Host: hdns.openspeech.cn
Connection: Keep-Alive
X-Par: ver=1.2&appid=583467f7&operator=UNKNOW&nettype=STANDARD&cver=5.0.27.1135&svc=ath&host=open.xf-yun.com&sign=91677fafcc08cf81f93dba4a4b972fdb
User-Agent: iFLYCloud

  
[2016/10/10 00:06:36 456] ns         663  net_type =  standard  
[2016/10/10 00:06:36 461] ns         664  cmwapascmnet =  
[2016/10/10 00:06:36 465] ns         665  uniwapasuninet =  
[2016/10/10 00:06:36 469] ns         666  ctwapasctnet =  
[2016/10/10 00:06:36 474] ns         676  host=  hdns.openspeech.cn  
[2016/10/10 00:06:36 496] ns         290  ns dns resp  10214  
[2016/10/10 00:06:36 498] ns         564  ns dns failed, err =   10214  
[2016/10/10 00:06:36 500] ns         174  ns gethttpresp  117.121.48.5  80  
[2016/10/10 00:06:36 515] transport  295  [dns] [0] failed! 10214  
[2016/10/10 00:06:36 523] network    83   ipfromenv ,  ipcache  open.xf-yun.com  def  nil  
[2016/10/10 00:06:36 531] network    83   ipfromenv ,  ipcfg  open.xf-yun.com  def  nil  
[2016/10/10 00:06:36 533] transport  1166 [soc] connect   116.213.69.195  80  
[2016/10/10 00:06:36 541] transport  1183 mspsoc.open,prot_type=  tcp  
[2016/10/10 00:06:36 565] ns         244  ns soc error  10202  
[2016/10/10 00:06:36 574] ns         407  name server http resp  nil  10202  nil  
[2016/10/10 00:06:36 577] ns         551  ns response failed, err =  10202  
[2016/10/10 00:06:36 579] ns         111  ns_host=  open.xf-yun.com  
[2016/10/10 00:06:36 583] ns         113  use default ip  
[2016/10/10 00:06:36 586] transport  974  ns_ip =   116.213.69.195  
[2016/10/10 00:06:36 589] transport  975  ip_type =  def_athopen.xf-yun.com  
[2016/10/10 00:06:36 592] ns         756  no data in ns_q  
[2016/10/10 00:06:36 594] ns         757  conti_ns,ns_inprog =   1  
[2016/10/10 00:06:36 602] transport  545  MSC:[soc] [0] error 10202 101!  
[2016/10/10 00:06:36 610] transport  57   clear_ip ip_type =  def_athopen.xf-yun.com  
[2016/10/10 00:06:36 613] transport  321  soc_conn_failed  
[2016/10/10 00:06:36 619] network    88   iptoenv ,  ipcache  open.xf-yun.com  def  nil  
[2016/10/10 00:06:36 627] transport  390  switch 80  
[2016/10/10 00:06:36 638] transport  1198 [soc] disconnect   
[2016/10/10 00:06:36 646] transport  49   throw_exception  10202  101  MSC:[soc] [0] error 10202 101!  
[2016/10/10 00:06:36 650] auth       427  [trans] [id = table: 0xf24f6590;;;=0===;auth] exception 10202  
[2016/10/10 00:06:36 657] auth       432  auth trytimes =   6  
[2016/10/10 00:06:41 565] transport  321  soc_conn_failed  
[2016/10/10 00:06:41 574] network    88   iptoenv ,  ipcache  open.xf-yun.com  def  nil  
[2016/10/10 00:06:41 595] transport  390  switch 80  
[2016/10/10 00:06:41 607] transport  411  MSC:[soc] [0] conn timeout!  
[2016/10/10 00:06:41 624] transport  1198 [soc] disconnect   
[2016/10/10 00:06:41 633] transport  57   clear_ip ip_type =  def_athopen.xf-yun.com  
[2016/10/10 00:06:41 640] transport  49   throw_exception  10114  0  MSC:[soc] [0] conn timeout!  
[2016/10/10 00:06:41 661] auth       427  [trans] [id = table: 0xf24f6590;;;=0===;auth] exception 10114  
[2016/10/10 00:19:32 773] isr_local  2183 SYS_MSG_REGCB_LOCAL| param0 =  local_service_cbmsg  
[2016/10/10 00:19:32 801] isr_local  2242 last gc at  1476028935  
[2016/10/10 00:19:32 824] isr_local  2091 ASR_LOCAL_MSG_SSB  
[2016/10/10 00:19:32 838] isr_local  1229 esr_session_begin | params:  engine_type=local,asr_res_path=fo|res/asr/common.jet,sample_rate=16000,grm_build_path=res/asr/GrmBuilld,local_grammar=cmd,result_type=xml,result_encoding=UTF-8  
[2016/10/10 00:19:32 846] isr_local  801  engine_type  :  local  
[2016/10/10 00:19:32 859] isr_local  801  asr_res_path  :  fo|res/asr/common.jet  
[2016/10/10 00:19:32 866] isr_local  801  sample_rate  :  16000  
[2016/10/10 00:19:32 880] isr_local  801  grm_build_path  :  res/asr/GrmBuilld  
[2016/10/10 00:19:32 904] isr_local  801  local_grammar  :  cmd  
[2016/10/10 00:19:32 909] isr_local  801  result_type  :  xml  
[2016/10/10 00:19:32 934] isr_local  801  result_encoding  :  UTF-8  
[2016/10/10 00:19:32 939] isr_local  1272 authorized_aitalk=  1  
[2016/10/10 00:19:32 943] isr_local  1273 forbid_aitalk=  nil  
[2016/10/10 00:19:32 962] isr_local  2015 commit path:   res/asr/GrmBuilld/temp/commit  
[2016/10/10 00:19:32 984] isr_local  1387 esr_session_begin | esr_obj:start ret =  0  
[2016/10/10 00:19:32 986] isr_local  2099 esr_session_begin, ret =   0  
[2016/10/10 00:19:32 998] isr_local  2242 last gc at  1476028935  
[2016/10/10 00:19:33 005] isr_local  655  local engine ready  
[2016/10/10 00:19:33 014] isr_local  585  esr_flush_buf_audio buffer audio num:  0  
[2016/10/10 00:19:33 026] isr_local  630  local engine started  
[2016/10/10 00:19:33 135] isr_local  2103 ASR_LOCAL_MSG_AUW  
[2016/10/10 00:19:33 152] isr_local  1536 auwl =   6400  
[2016/10/10 00:19:33 160] isr_local  2112 esr_audio_write, ret =  nil  
[2016/10/10 00:19:33 173] isr_local  2242 last gc at  1476028935  
[2016/10/10 00:19:33 200] isr_local  2103 ASR_LOCAL_MSG_AUW  
[2016/10/10 00:19:33 209] isr_local  1536 auwl =   6400  
[2016/10/10 00:19:33 226] isr_local  2112 esr_audio_write, ret =  nil  
[2016/10/10 00:19:33 250] isr_local  2242 last gc at  1476028935  
[2016/10/10 00:19:33 299] isr_local  2103 ASR_LOCAL_MSG_AUW  
[2016/10/10 00:19:33 316] isr_local  1536 auwl =   6400  
[2016/10/10 00:19:33 320] isr_local  2112 esr_audio_write, ret =  nil  
[2016/10/10 00:19:33 323] isr_local  2242 last gc at  1476028935  
[2016/10/10 00:19:33 329] isr_local  2103 ASR_LOCAL_MSG_AUW  
[2016/10/10 00:19:33 330] isr_local  1536 auwl =   6400  
[2016/10/10 00:19:33 334] isr_local  2112 esr_audio_write, ret =  nil  
[2016/10/10 00:19:33 335] isr_local  2242 last gc at  1476028935  
[2016/10/10 00:19:33 338] isr_local  2103 ASR_LOCAL_MSG_AUW  
[2016/10/10 00:19:33 340] isr_local  1536 auwl =   6400  
[2016/10/10 00:19:33 343] isr_local  2112 esr_audio_write, ret =  nil  
[2016/10/10 00:19:33 344] isr_local  2242 last gc at  1476028935  
[2016/10/10 00:19:33 348] isr_local  2103 ASR_LOCAL_MSG_AUW  
[2016/10/10 00:19:33 350] isr_local  1536 auwl =   6400  
[2016/10/10 00:19:33 352] isr_local  2112 esr_audio_write, ret =  nil  
[2016/10/10 00:19:33 354] isr_local  2242 last gc at  1476028935  
[2016/10/10 00:19:33 359] isr_local  2103 ASR_LOCAL_MSG_AUW  
[2016/10/10 00:19:33 360] isr_local  1536 auwl =   6400  
[2016/10/10 00:19:33 363] isr_local  2112 esr_audio_write, ret =  nil  
[2016/10/10 00:19:33 364] isr_local  2242 last gc at  1476028935  
[2016/10/10 00:19:33 369] isr_local  2103 ASR_LOCAL_MSG_AUW  
[2016/10/10 00:19:33 370] isr_local  1536 auwl =   6400  
[2016/10/10 00:19:33 373] isr_local  2112 esr_audio_write, ret =  nil  
[2016/10/10 00:19:33 373] isr_local  2242 last gc at  1476028935  
[2016/10/10 00:19:33 377] isr_local  2103 ASR_LOCAL_MSG_AUW  
[2016/10/10 00:19:33 378] isr_local  1536 auwl =   6400  
[2016/10/10 00:19:33 380] isr_local  2112 esr_audio_write, ret =  nil  
[2016/10/10 00:19:33 382] isr_local  2242 last gc at  1476028935  
[2016/10/10 00:19:33 386] isr_local  2103 ASR_LOCAL_MSG_AUW  
[2016/10/10 00:19:33 387] isr_local  1536 auwl =   6400  
[2016/10/10 00:19:33 389] isr_local  2112 esr_audio_write, ret =  nil  
[2016/10/10 00:19:33 393] isr_local  2242 last gc at  1476028935  
[2016/10/10 00:19:33 397] isr_local  2103 ASR_LOCAL_MSG_AUW  
[2016/10/10 00:19:33 398] isr_local  1536 auwl =   6400  
[2016/10/10 00:19:33 403] isr_local  2112 esr_audio_write, ret =  nil  
[2016/10/10 00:19:33 404] isr_local  2242 last gc at  1476028935  
[2016/10/10 00:19:33 415] isr_local  2103 ASR_LOCAL_MSG_AUW  
[2016/10/10 00:19:33 418] isr_local  1536 auwl =   6400  
[2016/10/10 00:19:33 423] isr_local  2112 esr_audio_write, ret =  nil  
[2016/10/10 00:19:33 428] isr_local  2242 last gc at  1476028935  
[2016/10/10 00:19:33 441] isr_local  2103 ASR_LOCAL_MSG_AUW  
[2016/10/10 00:19:33 448] isr_local  1536 auwl =   6400  
[2016/10/10 00:19:33 458] isr_local  2112 esr_audio_write, ret =  nil  
[2016/10/10 00:19:33 464] isr_local  2242 last gc at  1476028935  
[2016/10/10 00:19:33 475] isr_local  2103 ASR_LOCAL_MSG_AUW  
[2016/10/10 00:19:33 478] isr_local  1536 auwl =   6400  
[2016/10/10 00:19:33 483] isr_local  2112 esr_audio_write, ret =  nil  
[2016/10/10 00:19:33 486] isr_local  2242 last gc at  1476028935  
[2016/10/10 00:19:33 492] isr_local  2103 ASR_LOCAL_MSG_AUW  
[2016/10/10 00:19:33 494] isr_local  1536 auwl =   6080  
[2016/10/10 00:19:33 502] isr_local  2112 esr_audio_write, ret =  nil  
[2016/10/10 00:19:33 504] isr_local  2242 last gc at  1476028935  
[2016/10/10 00:19:33 817] isr_local  669  final result will throw out next!  
[2016/10/10 00:19:33 833] isr_local  679  nRecognizeState:  1  
[2016/10/10 00:19:33 838] isr_local  680  nConfidenceScore:  100  
[2016/10/10 00:19:33 843] isr_local  728  result_type :   xml  
[2016/10/10 00:19:33 848] isr_local  729  result_encoding :   UTF-8  
[2016/10/10 00:19:33 850] isr_local  730  is iat :   false  
[2016/10/10 00:19:33 853] isr_local  469  item_count:1  
[2016/10/10 00:19:33 856] isr_local  293  nil  
[2016/10/10 00:19:33 872] isr_local  675  recognized end!  
[2016/10/10 00:19:34 138] isr_local  2117 ASR_LOCAL_MSG_SSE  
[2016/10/10 00:19:34 163] isr_local  1496 esr_session_end | esr_obj:stop ret =  0  
[2016/10/10 00:19:34 169] isr_local  2119 esr_session_end, ret =  0  
[2016/10/10 00:19:34 196] isr_local  2242 last gc at  1476028935  
[2016/10/10 00:19:34 233] isr_local  638  local engine already stopped! stop cmd ignored  
[2016/10/10 00:19:45 539] isr_local  2183 SYS_MSG_REGCB_LOCAL| param0 =  local_service_cbmsg  
[2016/10/10 00:19:45 595] isr_local  2242 last gc at  1476028935  
[2016/10/10 00:19:45 601] isr_local  2091 ASR_LOCAL_MSG_SSB  
[2016/10/10 00:19:45 622] isr_local  1229 esr_session_begin | params:  engine_type=local,asr_res_path=fo|res/asr/common.jet,sample_rate=16000,grm_build_path=res/asr/GrmBuilld,local_grammar=cmd,result_type=xml,result_encoding=UTF-8  
[2016/10/10 00:19:45 624] isr_local  801  engine_type  :  local  
[2016/10/10 00:19:45 638] isr_local  801  asr_res_path  :  fo|res/asr/common.jet  
[2016/10/10 00:19:45 656] isr_local  801  sample_rate  :  16000  
[2016/10/10 00:19:45 659] isr_local  801  grm_build_path  :  res/asr/GrmBuilld  
[2016/10/10 00:19:45 665] isr_local  801  local_grammar  :  cmd  
[2016/10/10 00:19:45 675] isr_local  801  result_type  :  xml  
[2016/10/10 00:19:45 685] isr_local  801  result_encoding  :  UTF-8  
[2016/10/10 00:19:45 690] isr_local  1272 authorized_aitalk=  1  
[2016/10/10 00:19:45 695] isr_local  1273 forbid_aitalk=  nil  
[2016/10/10 00:19:45 710] isr_local  2015 commit path:   res/asr/GrmBuilld/temp/commit  
[2016/10/10 00:19:45 771] isr_local  1387 esr_session_begin | esr_obj:start ret =  0  
[2016/10/10 00:19:45 780] isr_local  2099 esr_session_begin, ret =   0  
[2016/10/10 00:19:45 785] isr_local  2242 last gc at  1476028935  
[2016/10/10 00:19:45 802] isr_local  655  local engine ready  
[2016/10/10 00:19:45 814] isr_local  585  esr_flush_buf_audio buffer audio num:  0  
[2016/10/10 00:19:45 826] isr_local  630  local engine started  
[2016/10/10 00:19:46 077] isr_local  2103 ASR_LOCAL_MSG_AUW  
[2016/10/10 00:19:46 096] isr_local  1536 auwl =   6400  
[2016/10/10 00:19:46 119] isr_local  2112 esr_audio_write, ret =  nil  
[2016/10/10 00:19:46 174] isr_local  2242 last gc at  1476028935  
[2016/10/10 00:19:46 284] isr_local  2103 ASR_LOCAL_MSG_AUW  
[2016/10/10 00:19:46 315] isr_local  1536 auwl =   6400  
[2016/10/10 00:19:46 321] isr_local  2112 esr_audio_write, ret =  nil  
[2016/10/10 00:19:46 329] isr_local  2242 last gc at  1476028935  
[2016/10/10 00:19:46 335] isr_local  2103 ASR_LOCAL_MSG_AUW  
[2016/10/10 00:19:46 337] isr_local  1536 auwl =   6400  
[2016/10/10 00:19:46 342] isr_local  2112 esr_audio_write, ret =  nil  
[2016/10/10 00:19:46 344] isr_local  2242 last gc at  1476028935  
[2016/10/10 00:19:46 349] isr_local  2103 ASR_LOCAL_MSG_AUW  
[2016/10/10 00:19:46 352] isr_local  1536 auwl =   6400  
[2016/10/10 00:19:46 357] isr_local  2112 esr_audio_write, ret =  nil  
[2016/10/10 00:19:46 360] isr_local  2242 last gc at  1476028935  
[2016/10/10 00:19:46 368] isr_local  2103 ASR_LOCAL_MSG_AUW  
[2016/10/10 00:19:46 371] isr_local  1536 auwl =   6400  
[2016/10/10 00:19:46 375] isr_local  2112 esr_audio_write, ret =  nil  
[2016/10/10 00:19:46 377] isr_local  2242 last gc at  1476028935  
[2016/10/10 00:19:46 383] isr_local  2103 ASR_LOCAL_MSG_AUW  
[2016/10/10 00:19:46 386] isr_local  1536 auwl =   6400  
[2016/10/10 00:19:46 390] isr_local  2112 esr_audio_write, ret =  nil  
[2016/10/10 00:19:46 391] isr_local  2242 last gc at  1476028935  
[2016/10/10 00:19:46 399] isr_local  2103 ASR_LOCAL_MSG_AUW  
[2016/10/10 00:19:46 401] isr_local  1536 auwl =   6400  
[2016/10/10 00:19:46 405] isr_local  2112 esr_audio_write, ret =  nil  
[2016/10/10 00:19:46 408] isr_local  2242 last gc at  1476028935  
[2016/10/10 00:19:46 417] isr_local  2103 ASR_LOCAL_MSG_AUW  
[2016/10/10 00:19:46 419] isr_local  1536 auwl =   6400  
[2016/10/10 00:19:46 424] isr_local  2112 esr_audio_write, ret =  nil  
[2016/10/10 00:19:46 428] isr_local  2242 last gc at  1476028935  
[2016/10/10 00:19:46 439] isr_local  2103 ASR_LOCAL_MSG_AUW  
[2016/10/10 00:19:46 446] isr_local  1536 auwl =   6400  
[2016/10/10 00:19:46 453] isr_local  2112 esr_audio_write, ret =  nil  
[2016/10/10 00:19:46 461] isr_local  2242 last gc at  1476028935  
[2016/10/10 00:19:46 468] isr_local  2103 ASR_LOCAL_MSG_AUW  
[2016/10/10 00:19:46 470] isr_local  1536 auwl =   6400  
[2016/10/10 00:19:46 473] isr_local  2112 esr_audio_write, ret =  nil  
[2016/10/10 00:19:46 476] isr_local  2242 last gc at  1476028935  
[2016/10/10 00:19:46 484] isr_local  2103 ASR_LOCAL_MSG_AUW  
[2016/10/10 00:19:46 486] isr_local  1536 auwl =   6400  
[2016/10/10 00:19:46 491] isr_local  2112 esr_audio_write, ret =  nil  
[2016/10/10 00:19:46 493] isr_local  2242 last gc at  1476028935  
[2016/10/10 00:19:46 500] isr_local  2103 ASR_LOCAL_MSG_AUW  
[2016/10/10 00:19:46 502] isr_local  1536 auwl =   6400  
[2016/10/10 00:19:46 506] isr_local  2112 esr_audio_write, ret =  nil  
[2016/10/10 00:19:46 509] isr_local  2242 last gc at  1476028935  
[2016/10/10 00:19:46 524] isr_local  2103 ASR_LOCAL_MSG_AUW  
[2016/10/10 00:19:46 526] isr_local  1536 auwl =   6400  
[2016/10/10 00:19:46 530] isr_local  2112 esr_audio_write, ret =  nil  
[2016/10/10 00:19:46 533] isr_local  2242 last gc at  1476028935  
[2016/10/10 00:19:46 538] isr_local  2103 ASR_LOCAL_MSG_AUW  
[2016/10/10 00:19:46 540] isr_local  1536 auwl =   6400  
[2016/10/10 00:19:46 545] isr_local  2112 esr_audio_write, ret =  nil  
[2016/10/10 00:19:46 547] isr_local  2242 last gc at  1476028935  
[2016/10/10 00:19:46 553] isr_local  2103 ASR_LOCAL_MSG_AUW  
[2016/10/10 00:19:46 555] isr_local  1536 auwl =   6080  
[2016/10/10 00:19:46 569] isr_local  2112 esr_audio_write, ret =  nil  
[2016/10/10 00:19:46 578] isr_local  2242 last gc at  1476028935  
[2016/10/10 00:19:46 864] isr_local  669  final result will throw out next!  
[2016/10/10 00:19:46 869] isr_local  679  nRecognizeState:  1  
[2016/10/10 00:19:46 871] isr_local  680  nConfidenceScore:  98  
[2016/10/10 00:19:46 873] isr_local  728  result_type :   xml  
[2016/10/10 00:19:46 877] isr_local  729  result_encoding :   UTF-8  
[2016/10/10 00:19:46 879] isr_local  730  is iat :   false  
[2016/10/10 00:19:46 882] isr_local  469  item_count:1  
[2016/10/10 00:19:46 884] isr_local  293  nil  
[2016/10/10 00:19:46 894] isr_local  675  recognized end!  
[2016/10/10 00:19:47 140] isr_local  2117 ASR_LOCAL_MSG_SSE  
[2016/10/10 00:19:47 149] isr_local  1496 esr_session_end | esr_obj:stop ret =  0  
[2016/10/10 00:19:47 179] isr_local  2119 esr_session_end, ret =  0  
[2016/10/10 00:19:47 215] isr_local  2242 last gc at  1476028935  
[2016/10/10 00:19:47 223] isr_local  638  local engine already stopped! stop cmd ignored  
[2016/10/10 00:19:51 341] isr_local  2183 SYS_MSG_REGCB_LOCAL| param0 =  local_service_cbmsg  
[2016/10/10 00:19:51 407] isr_local  2242 last gc at  1476028935  
[2016/10/10 00:19:51 491] isr_local  2091 ASR_LOCAL_MSG_SSB  
[2016/10/10 00:19:51 496] isr_local  1229 esr_session_begin | params:  engine_type=local,asr_res_path=fo|res/asr/common.jet,sample_rate=16000,grm_build_path=res/asr/GrmBuilld,local_grammar=cmd,result_type=xml,result_encoding=UTF-8  
[2016/10/10 00:19:51 517] isr_local  801  engine_type  :  local  
[2016/10/10 00:19:51 558] isr_local  801  asr_res_path  :  fo|res/asr/common.jet  
[2016/10/10 00:19:51 569] isr_local  801  sample_rate  :  16000  
[2016/10/10 00:19:51 584] isr_local  801  grm_build_path  :  res/asr/GrmBuilld  
[2016/10/10 00:19:51 606] isr_local  801  local_grammar  :  cmd  
[2016/10/10 00:19:51 612] isr_local  801  result_type  :  xml  
[2016/10/10 00:19:51 630] isr_local  801  result_encoding  :  UTF-8  
[2016/10/10 00:19:51 647] isr_local  1272 authorized_aitalk=  1  
[2016/10/10 00:19:51 655] isr_local  1273 forbid_aitalk=  nil  
[2016/10/10 00:19:51 684] isr_local  2015 commit path:   res/asr/GrmBuilld/temp/commit  
[2016/10/10 00:19:51 732] isr_local  1387 esr_session_begin | esr_obj:start ret =  0  
[2016/10/10 00:19:51 735] isr_local  2099 esr_session_begin, ret =   0  
[2016/10/10 00:19:51 764] isr_local  2242 last gc at  1476028935  
[2016/10/10 00:19:51 785] isr_local  655  local engine ready  
[2016/10/10 00:19:51 794] isr_local  585  esr_flush_buf_audio buffer audio num:  0  
[2016/10/10 00:19:51 832] isr_local  630  local engine started  
[2016/10/10 00:19:52 068] isr_local  2103 ASR_LOCAL_MSG_AUW  
[2016/10/10 00:19:52 080] isr_local  1536 auwl =   6400  
[2016/10/10 00:19:52 222] isr_local  2112 esr_audio_write, ret =  nil  
[2016/10/10 00:19:52 388] isr_local  2242 last gc at  1476028935  
[2016/10/10 00:19:52 421] isr_local  2103 ASR_LOCAL_MSG_AUW  
[2016/10/10 00:19:52 427] isr_local  1536 auwl =   6400  
[2016/10/10 00:19:52 439] isr_local  2112 esr_audio_write, ret =  nil  
[2016/10/10 00:19:52 441] isr_local  2242 last gc at  1476028935  
[2016/10/10 00:19:52 449] isr_local  2103 ASR_LOCAL_MSG_AUW  
[2016/10/10 00:19:52 451] isr_local  1536 auwl =   6400  
[2016/10/10 00:19:52 456] isr_local  2112 esr_audio_write, ret =  nil  
[2016/10/10 00:19:52 460] isr_local  2242 last gc at  1476028935  
[2016/10/10 00:19:52 468] isr_local  2103 ASR_LOCAL_MSG_AUW  
[2016/10/10 00:19:52 471] isr_local  1536 auwl =   6400  
[2016/10/10 00:19:52 475] isr_local  2112 esr_audio_write, ret =  nil  
[2016/10/10 00:19:52 477] isr_local  2242 last gc at  1476028935  
[2016/10/10 00:19:52 483] isr_local  2103 ASR_LOCAL_MSG_AUW  
[2016/10/10 00:19:52 485] isr_local  1536 auwl =   6400  
[2016/10/10 00:19:52 489] isr_local  2112 esr_audio_write, ret =  nil  
[2016/10/10 00:19:52 492] isr_local  2242 last gc at  1476028935  
[2016/10/10 00:19:52 499] isr_local  2103 ASR_LOCAL_MSG_AUW  
[2016/10/10 00:19:52 501] isr_local  1536 auwl =   6400  
[2016/10/10 00:19:52 504] isr_local  2112 esr_audio_write, ret =  nil  
[2016/10/10 00:19:52 506] isr_local  2242 last gc at  1476028935  
[2016/10/10 00:19:52 511] isr_local  2103 ASR_LOCAL_MSG_AUW  
[2016/10/10 00:19:52 512] isr_local  1536 auwl =   6400  
[2016/10/10 00:19:52 515] isr_local  2112 esr_audio_write, ret =  nil  
[2016/10/10 00:19:52 517] isr_local  2242 last gc at  1476028935  
[2016/10/10 00:19:52 522] isr_local  2103 ASR_LOCAL_MSG_AUW  
[2016/10/10 00:19:52 525] isr_local  1536 auwl =   6400  
[2016/10/10 00:19:52 530] isr_local  2112 esr_audio_write, ret =  nil  
[2016/10/10 00:19:52 532] isr_local  2242 last gc at  1476028935  
[2016/10/10 00:19:52 539] isr_local  2103 ASR_LOCAL_MSG_AUW  
[2016/10/10 00:19:52 549] isr_local  1536 auwl =   6400  
[2016/10/10 00:19:52 558] isr_local  2112 esr_audio_write, ret =  nil  
[2016/10/10 00:19:52 563] isr_local  2242 last gc at  1476028935  
[2016/10/10 00:19:52 569] isr_local  2103 ASR_LOCAL_MSG_AUW  
[2016/10/10 00:19:52 574] isr_local  1536 auwl =   6400  
[2016/10/10 00:19:52 578] isr_local  2112 esr_audio_write, ret =  nil  
[2016/10/10 00:19:52 580] isr_local  2242 last gc at  1476028935  
[2016/10/10 00:19:52 586] isr_local  2103 ASR_LOCAL_MSG_AUW  
[2016/10/10 00:19:52 588] isr_local  1536 auwl =   6400  
[2016/10/10 00:19:52 592] isr_local  2112 esr_audio_write, ret =  nil  
[2016/10/10 00:19:52 598] isr_local  2242 last gc at  1476028935  
[2016/10/10 00:19:52 607] isr_local  2103 ASR_LOCAL_MSG_AUW  
[2016/10/10 00:19:52 609] isr_local  1536 auwl =   6400  
[2016/10/10 00:19:52 614] isr_local  2112 esr_audio_write, ret =  nil  
[2016/10/10 00:19:52 618] isr_local  2242 last gc at  1476028935  
[2016/10/10 00:19:52 624] isr_local  2103 ASR_LOCAL_MSG_AUW  
[2016/10/10 00:19:52 626] isr_local  1536 auwl =   6400  
[2016/10/10 00:19:52 632] isr_local  2112 esr_audio_write, ret =  nil  
[2016/10/10 00:19:52 634] isr_local  2242 last gc at  1476028935  
[2016/10/10 00:19:52 641] isr_local  2103 ASR_LOCAL_MSG_AUW  
[2016/10/10 00:19:52 644] isr_local  1536 auwl =   6400  
[2016/10/10 00:19:52 649] isr_local  2112 esr_audio_write, ret =  nil  
[2016/10/10 00:19:52 651] isr_local  2242 last gc at  1476028935  
[2016/10/10 00:19:52 657] isr_local  2103 ASR_LOCAL_MSG_AUW  
[2016/10/10 00:19:52 661] isr_local  1536 auwl =   5760  
[2016/10/10 00:19:52 669] isr_local  2112 esr_audio_write, ret =  nil  
[2016/10/10 00:19:52 671] isr_local  2242 last gc at  1476028935  
[2016/10/10 00:19:52 983] isr_local  669  final result will throw out next!  
[2016/10/10 00:19:52 990] isr_local  679  nRecognizeState:  1  
[2016/10/10 00:19:52 993] isr_local  680  nConfidenceScore:  68  
[2016/10/10 00:19:52 995] isr_local  728  result_type :   xml  
[2016/10/10 00:19:52 997] isr_local  729  result_encoding :   UTF-8  
[2016/10/10 00:19:52 999] isr_local  730  is iat :   false  
[2016/10/10 00:19:53 001] isr_local  469  item_count:1  
[2016/10/10 00:19:53 003] isr_local  293  nil  
[2016/10/10 00:19:53 013] isr_local  675  recognized end!  
[2016/10/10 00:19:53 272] isr_local  2117 ASR_LOCAL_MSG_SSE  
[2016/10/10 00:19:53 302] isr_local  1496 esr_session_end | esr_obj:stop ret =  0  
[2016/10/10 00:19:53 325] isr_local  2119 esr_session_end, ret =  0  
[2016/10/10 00:19:53 364] isr_local  2242 last gc at  1476028935  
[2016/10/10 00:19:53 399] isr_local  638  local engine already stopped! stop cmd ignored  
[2016/10/10 00:19:57 197] isr_local  2183 SYS_MSG_REGCB_LOCAL| param0 =  local_service_cbmsg  
[2016/10/10 00:19:57 208] isr_local  2242 last gc at  1476028935  
[2016/10/10 00:19:57 244] isr_local  2091 ASR_LOCAL_MSG_SSB  
[2016/10/10 00:19:57 287] isr_local  1229 esr_session_begin | params:  engine_type=local,asr_res_path=fo|res/asr/common.jet,sample_rate=16000,grm_build_path=res/asr/GrmBuilld,local_grammar=cmd,result_type=xml,result_encoding=UTF-8  
[2016/10/10 00:19:57 378] isr_local  801  engine_type  :  local  
[2016/10/10 00:19:57 400] isr_local  801  asr_res_path  :  fo|res/asr/common.jet  
[2016/10/10 00:19:57 415] isr_local  801  sample_rate  :  16000  
[2016/10/10 00:19:57 437] isr_local  801  grm_build_path  :  res/asr/GrmBuilld  
[2016/10/10 00:19:57 447] isr_local  801  local_grammar  :  cmd  
[2016/10/10 00:19:57 465] isr_local  801  result_type  :  xml  
[2016/10/10 00:19:57 473] isr_local  801  result_encoding  :  UTF-8  
[2016/10/10 00:19:57 481] isr_local  1272 authorized_aitalk=  1  
[2016/10/10 00:19:57 493] isr_local  1273 forbid_aitalk=  nil  
[2016/10/10 00:19:57 509] isr_local  2015 commit path:   res/asr/GrmBuilld/temp/commit  
[2016/10/10 00:19:57 524] isr_local  1387 esr_session_begin | esr_obj:start ret =  0  
[2016/10/10 00:19:57 527] isr_local  2099 esr_session_begin, ret =   0  
[2016/10/10 00:19:57 530] isr_local  2242 last gc at  1476028935  
[2016/10/10 00:19:57 536] isr_local  655  local engine ready  
[2016/10/10 00:19:57 547] isr_local  585  esr_flush_buf_audio buffer audio num:  0  
[2016/10/10 00:19:57 559] isr_local  630  local engine started  
[2016/10/10 00:19:57 866] isr_local  2103 ASR_LOCAL_MSG_AUW  
[2016/10/10 00:19:57 874] isr_local  1536 auwl =   6400  
[2016/10/10 00:19:57 882] isr_local  2112 esr_audio_write, ret =  nil  
[2016/10/10 00:19:57 889] isr_local  2242 last gc at  1476028935  
[2016/10/10 00:19:57 901] isr_local  2103 ASR_LOCAL_MSG_AUW  
[2016/10/10 00:19:57 967] isr_local  1536 auwl =   6400  
[2016/10/10 00:19:58 005] isr_local  2112 esr_audio_write, ret =  nil  
[2016/10/10 00:19:58 016] isr_local  2242 last gc at  1476028935  
[2016/10/10 00:19:58 152] isr_local  2103 ASR_LOCAL_MSG_AUW  
[2016/10/10 00:19:58 278] isr_local  1536 auwl =   6400  
[2016/10/10 00:19:58 300] isr_local  2112 esr_audio_write, ret =  nil  
[2016/10/10 00:19:58 304] isr_local  2242 last gc at  1476028935  
[2016/10/10 00:19:58 309] isr_local  2103 ASR_LOCAL_MSG_AUW  
[2016/10/10 00:19:58 312] isr_local  1536 auwl =   6400  
[2016/10/10 00:19:58 316] isr_local  2112 esr_audio_write, ret =  nil  
[2016/10/10 00:19:58 317] isr_local  2242 last gc at  1476028935  
[2016/10/10 00:19:58 322] isr_local  2103 ASR_LOCAL_MSG_AUW  
[2016/10/10 00:19:58 324] isr_local  1536 auwl =   6400  
[2016/10/10 00:19:58 327] isr_local  2112 esr_audio_write, ret =  nil  
[2016/10/10 00:19:58 329] isr_local  2242 last gc at  1476028935  
[2016/10/10 00:19:58 336] isr_local  2103 ASR_LOCAL_MSG_AUW  
[2016/10/10 00:19:58 339] isr_local  1536 auwl =   6400  
[2016/10/10 00:19:58 343] isr_local  2112 esr_audio_write, ret =  nil  
[2016/10/10 00:19:58 345] isr_local  2242 last gc at  1476028935  
[2016/10/10 00:19:58 352] isr_local  2103 ASR_LOCAL_MSG_AUW  
[2016/10/10 00:19:58 354] isr_local  1536 auwl =   6400  
[2016/10/10 00:19:58 359] isr_local  2112 esr_audio_write, ret =  nil  
[2016/10/10 00:19:58 361] isr_local  2242 last gc at  1476028935  
[2016/10/10 00:19:58 370] isr_local  2103 ASR_LOCAL_MSG_AUW  
[2016/10/10 00:19:58 372] isr_local  1536 auwl =   6400  
[2016/10/10 00:19:58 377] isr_local  2112 esr_audio_write, ret =  nil  
[2016/10/10 00:19:58 379] isr_local  2242 last gc at  1476028935  
[2016/10/10 00:19:58 390] isr_local  2103 ASR_LOCAL_MSG_AUW  
[2016/10/10 00:19:58 392] isr_local  1536 auwl =   6400  
[2016/10/10 00:19:58 399] isr_local  2112 esr_audio_write, ret =  nil  
[2016/10/10 00:19:58 402] isr_local  2242 last gc at  1476028935  
[2016/10/10 00:19:58 407] isr_local  2103 ASR_LOCAL_MSG_AUW  
[2016/10/10 00:19:58 411] isr_local  1536 auwl =   6400  
[2016/10/10 00:19:58 421] isr_local  2112 esr_audio_write, ret =  nil  
[2016/10/10 00:19:58 430] isr_local  2242 last gc at  1476028935  
[2016/10/10 00:19:58 439] isr_local  2103 ASR_LOCAL_MSG_AUW  
[2016/10/10 00:19:58 444] isr_local  1536 auwl =   6400  
[2016/10/10 00:19:58 451] isr_local  2112 esr_audio_write, ret =  nil  
[2016/10/10 00:19:58 453] isr_local  2242 last gc at  1476028935  
[2016/10/10 00:19:58 459] isr_local  2103 ASR_LOCAL_MSG_AUW  
[2016/10/10 00:19:58 460] isr_local  1536 auwl =   6400  
[2016/10/10 00:19:58 464] isr_local  2112 esr_audio_write, ret =  nil  
[2016/10/10 00:19:58 466] isr_local  2242 last gc at  1476028935  
[2016/10/10 00:19:58 471] isr_local  2103 ASR_LOCAL_MSG_AUW  
[2016/10/10 00:19:58 472] isr_local  1536 auwl =   6400  
[2016/10/10 00:19:58 475] isr_local  2112 esr_audio_write, ret =  nil  
[2016/10/10 00:19:58 476] isr_local  2242 last gc at  1476028935  
[2016/10/10 00:19:58 486] isr_local  2103 ASR_LOCAL_MSG_AUW  
[2016/10/10 00:19:58 488] isr_local  1536 auwl =   6400  
[2016/10/10 00:19:58 492] isr_local  2112 esr_audio_write, ret =  nil  
[2016/10/10 00:19:58 495] isr_local  2242 last gc at  1476028935  
[2016/10/10 00:19:58 500] isr_local  2103 ASR_LOCAL_MSG_AUW  
[2016/10/10 00:19:58 502] isr_local  1536 auwl =   5760  
[2016/10/10 00:19:58 510] isr_local  2112 esr_audio_write, ret =  nil  
[2016/10/10 00:19:58 512] isr_local  2242 last gc at  1476028935  
[2016/10/10 00:19:58 819] isr_local  669  final result will throw out next!  
[2016/10/10 00:19:58 827] isr_local  679  nRecognizeState:  1  
[2016/10/10 00:19:58 830] isr_local  680  nConfidenceScore:  58  
[2016/10/10 00:19:58 832] isr_local  728  result_type :   xml  
[2016/10/10 00:19:58 834] isr_local  729  result_encoding :   UTF-8  
[2016/10/10 00:19:58 837] isr_local  730  is iat :   false  
[2016/10/10 00:19:58 839] isr_local  469  item_count:1  
[2016/10/10 00:19:58 841] isr_local  293  nil  
[2016/10/10 00:19:58 854] isr_local  675  recognized end!  
[2016/10/10 00:19:59 116] isr_local  2117 ASR_LOCAL_MSG_SSE  
[2016/10/10 00:19:59 126] isr_local  1496 esr_session_end | esr_obj:stop ret =  0  
[2016/10/10 00:19:59 136] isr_local  2119 esr_session_end, ret =  0  
[2016/10/10 00:19:59 184] isr_local  2242 last gc at  1476028935  
[2016/10/10 00:19:59 245] isr_local  638  local engine already stopped! stop cmd ignored  
[2016/10/10 00:20:02 912] isr_local  2183 SYS_MSG_REGCB_LOCAL| param0 =  local_service_cbmsg  
[2016/10/10 00:20:02 919] isr_local  2242 last gc at  1476028935  
[2016/10/10 00:20:02 928] isr_local  2091 ASR_LOCAL_MSG_SSB  
[2016/10/10 00:20:02 971] isr_local  1229 esr_session_begin | params:  engine_type=local,asr_res_path=fo|res/asr/common.jet,sample_rate=16000,grm_build_path=res/asr/GrmBuilld,local_grammar=cmd,result_type=xml,result_encoding=UTF-8  
[2016/10/10 00:20:03 010] isr_local  801  engine_type  :  local  
[2016/10/10 00:20:03 064] isr_local  801  asr_res_path  :  fo|res/asr/common.jet  
[2016/10/10 00:20:03 070] isr_local  801  sample_rate  :  16000  
[2016/10/10 00:20:03 090] isr_local  801  grm_build_path  :  res/asr/GrmBuilld  
[2016/10/10 00:20:03 098] isr_local  801  local_grammar  :  cmd  
[2016/10/10 00:20:03 102] isr_local  801  result_type  :  xml  
[2016/10/10 00:20:03 106] isr_local  801  result_encoding  :  UTF-8  
[2016/10/10 00:20:03 130] isr_local  1272 authorized_aitalk=  1  
[2016/10/10 00:20:03 135] isr_local  1273 forbid_aitalk=  nil  
[2016/10/10 00:20:03 154] isr_local  2015 commit path:   res/asr/GrmBuilld/temp/commit  
[2016/10/10 00:20:03 203] isr_local  1387 esr_session_begin | esr_obj:start ret =  0  
[2016/10/10 00:20:03 209] isr_local  2099 esr_session_begin, ret =   0  
[2016/10/10 00:20:03 239] isr_local  2242 last gc at  1476028935  
[2016/10/10 00:20:03 250] isr_local  655  local engine ready  
[2016/10/10 00:20:03 281] isr_local  585  esr_flush_buf_audio buffer audio num:  0  
[2016/10/10 00:20:03 302] isr_local  630  local engine started  
[2016/10/10 00:20:03 642] isr_local  2103 ASR_LOCAL_MSG_AUW  
[2016/10/10 00:20:03 784] isr_local  1536 auwl =   6400  
[2016/10/10 00:20:03 990] isr_local  2112 esr_audio_write, ret =  nil  
[2016/10/10 00:20:03 994] isr_local  2242 last gc at  1476028935  
[2016/10/10 00:20:04 006] isr_local  2103 ASR_LOCAL_MSG_AUW  
[2016/10/10 00:20:04 010] isr_local  1536 auwl =   6400  
[2016/10/10 00:20:04 015] isr_local  2112 esr_audio_write, ret =  nil  
[2016/10/10 00:20:04 017] isr_local  2242 last gc at  1476028935  
[2016/10/10 00:20:04 023] isr_local  2103 ASR_LOCAL_MSG_AUW  
[2016/10/10 00:20:04 026] isr_local  1536 auwl =   6400  
[2016/10/10 00:20:04 030] isr_local  2112 esr_audio_write, ret =  nil  
[2016/10/10 00:20:04 032] isr_local  2242 last gc at  1476028935  
[2016/10/10 00:20:04 039] isr_local  2103 ASR_LOCAL_MSG_AUW  
[2016/10/10 00:20:04 041] isr_local  1536 auwl =   6400  
[2016/10/10 00:20:04 044] isr_local  2112 esr_audio_write, ret =  nil  
[2016/10/10 00:20:04 047] isr_local  2242 last gc at  1476028935  
[2016/10/10 00:20:04 055] isr_local  2103 ASR_LOCAL_MSG_AUW  
[2016/10/10 00:20:04 057] isr_local  1536 auwl =   6400  
[2016/10/10 00:20:04 061] isr_local  2112 esr_audio_write, ret =  nil  
[2016/10/10 00:20:04 063] isr_local  2242 last gc at  1476028935  
[2016/10/10 00:20:04 069] isr_local  2103 ASR_LOCAL_MSG_AUW  
[2016/10/10 00:20:04 071] isr_local  1536 auwl =   6400  
[2016/10/10 00:20:04 075] isr_local  2112 esr_audio_write, ret =  nil  
[2016/10/10 00:20:04 077] isr_local  2242 last gc at  1476028935  
[2016/10/10 00:20:04 084] isr_local  2103 ASR_LOCAL_MSG_AUW  
[2016/10/10 00:20:04 086] isr_local  1536 auwl =   6400  
[2016/10/10 00:20:04 090] isr_local  2112 esr_audio_write, ret =  nil  
[2016/10/10 00:20:04 092] isr_local  2242 last gc at  1476028935  
[2016/10/10 00:20:04 098] isr_local  2103 ASR_LOCAL_MSG_AUW  
[2016/10/10 00:20:04 101] isr_local  1536 auwl =   6400  
[2016/10/10 00:20:04 106] isr_local  2112 esr_audio_write, ret =  nil  
[2016/10/10 00:20:04 111] isr_local  2242 last gc at  1476028935  
[2016/10/10 00:20:04 120] isr_local  2103 ASR_LOCAL_MSG_AUW  
[2016/10/10 00:20:04 127] isr_local  1536 auwl =   6400  
[2016/10/10 00:20:04 136] isr_local  2112 esr_audio_write, ret =  nil  
[2016/10/10 00:20:04 143] isr_local  2242 last gc at  1476028935  
[2016/10/10 00:20:04 153] isr_local  2103 ASR_LOCAL_MSG_AUW  
[2016/10/10 00:20:04 157] isr_local  1536 auwl =   6400  
[2016/10/10 00:20:04 161] isr_local  2112 esr_audio_write, ret =  nil  
[2016/10/10 00:20:04 163] isr_local  2242 last gc at  1476028935  
[2016/10/10 00:20:04 171] isr_local  2103 ASR_LOCAL_MSG_AUW  
[2016/10/10 00:20:04 173] isr_local  1536 auwl =   6400  
[2016/10/10 00:20:04 177] isr_local  2112 esr_audio_write, ret =  nil  
[2016/10/10 00:20:04 179] isr_local  2242 last gc at  1476028935  
[2016/10/10 00:20:04 188] isr_local  2103 ASR_LOCAL_MSG_AUW  
[2016/10/10 00:20:04 190] isr_local  1536 auwl =   6400  
[2016/10/10 00:20:04 196] isr_local  2112 esr_audio_write, ret =  nil  
[2016/10/10 00:20:04 199] isr_local  2242 last gc at  1476028935  
[2016/10/10 00:20:04 203] isr_local  2103 ASR_LOCAL_MSG_AUW  
[2016/10/10 00:20:04 205] isr_local  1536 auwl =   6400  
[2016/10/10 00:20:04 211] isr_local  2112 esr_audio_write, ret =  nil  
[2016/10/10 00:20:04 215] isr_local  2242 last gc at  1476028935  
[2016/10/10 00:20:04 222] isr_local  2103 ASR_LOCAL_MSG_AUW  
[2016/10/10 00:20:04 224] isr_local  1536 auwl =   6400  
[2016/10/10 00:20:04 229] isr_local  2112 esr_audio_write, ret =  nil  
[2016/10/10 00:20:04 231] isr_local  2242 last gc at  1476028935  
[2016/10/10 00:20:04 238] isr_local  2103 ASR_LOCAL_MSG_AUW  
[2016/10/10 00:20:04 240] isr_local  1536 auwl =   6080  
[2016/10/10 00:20:04 250] isr_local  2112 esr_audio_write, ret =  nil  
[2016/10/10 00:20:04 253] isr_local  2242 last gc at  1476028935  
[2016/10/10 00:20:04 489] isr_local  669  final result will throw out next!  
[2016/10/10 00:20:04 497] isr_local  679  nRecognizeState:  1  
[2016/10/10 00:20:04 501] isr_local  680  nConfidenceScore:  97  
[2016/10/10 00:20:04 503] isr_local  728  result_type :   xml  
[2016/10/10 00:20:04 504] isr_local  729  result_encoding :   UTF-8  
[2016/10/10 00:20:04 506] isr_local  730  is iat :   false  
[2016/10/10 00:20:04 510] isr_local  469  item_count:1  
[2016/10/10 00:20:04 512] isr_local  293  nil  
[2016/10/10 00:20:04 523] isr_local  675  recognized end!  
[2016/10/10 00:20:04 730] isr_local  2117 ASR_LOCAL_MSG_SSE  
[2016/10/10 00:20:04 744] isr_local  1496 esr_session_end | esr_obj:stop ret =  0  
[2016/10/10 00:20:04 771] isr_local  2119 esr_session_end, ret =  0  
[2016/10/10 00:20:04 805] isr_local  2242 last gc at  1476028935  
[2016/10/10 00:20:04 815] isr_local  638  local engine already stopped! stop cmd ignored  
[2016/10/10 00:20:08 710] isr_local  2183 SYS_MSG_REGCB_LOCAL| param0 =  local_service_cbmsg  
[2016/10/10 00:20:08 738] isr_local  2242 last gc at  1476028935  
[2016/10/10 00:20:08 752] isr_local  2091 ASR_LOCAL_MSG_SSB  
[2016/10/10 00:20:08 772] isr_local  1229 esr_session_begin | params:  engine_type=local,asr_res_path=fo|res/asr/common.jet,sample_rate=16000,grm_build_path=res/asr/GrmBuilld,local_grammar=cmd,result_type=xml,result_encoding=UTF-8  
[2016/10/10 00:20:08 778] isr_local  801  engine_type  :  local  
[2016/10/10 00:20:08 785] isr_local  801  asr_res_path  :  fo|res/asr/common.jet  
[2016/10/10 00:20:08 799] isr_local  801  sample_rate  :  16000  
[2016/10/10 00:20:08 815] isr_local  801  grm_build_path  :  res/asr/GrmBuilld  
[2016/10/10 00:20:08 824] isr_local  801  local_grammar  :  cmd  
[2016/10/10 00:20:08 835] isr_local  801  result_type  :  xml  
[2016/10/10 00:20:08 952] isr_local  801  result_encoding  :  UTF-8  
[2016/10/10 00:20:08 962] isr_local  1272 authorized_aitalk=  1  
[2016/10/10 00:20:08 983] isr_local  1273 forbid_aitalk=  nil  
[2016/10/10 00:20:09 069] isr_local  2015 commit path:   res/asr/GrmBuilld/temp/commit  
[2016/10/10 00:20:09 147] isr_local  1387 esr_session_begin | esr_obj:start ret =  0  
[2016/10/10 00:20:09 193] isr_local  2099 esr_session_begin, ret =   0  
[2016/10/10 00:20:09 199] isr_local  2242 last gc at  1476028935  
[2016/10/10 00:20:09 215] isr_local  655  local engine ready  
[2016/10/10 00:20:09 225] isr_local  585  esr_flush_buf_audio buffer audio num:  0  
[2016/10/10 00:20:09 259] isr_local  630  local engine started  
[2016/10/10 00:20:09 282] isr_local  2103 ASR_LOCAL_MSG_AUW  
[2016/10/10 00:20:09 286] isr_local  1536 auwl =   6400  
[2016/10/10 00:20:09 292] isr_local  2112 esr_audio_write, ret =  nil  
[2016/10/10 00:20:09 304] isr_local  2242 last gc at  1476028935  
[2016/10/10 00:20:09 312] isr_local  2103 ASR_LOCAL_MSG_AUW  
[2016/10/10 00:20:09 320] isr_local  1536 auwl =   6400  
[2016/10/10 00:20:09 326] isr_local  2112 esr_audio_write, ret =  nil  
[2016/10/10 00:20:09 335] isr_local  2242 last gc at  1476028935  
[2016/10/10 00:20:09 341] isr_local  2103 ASR_LOCAL_MSG_AUW  
[2016/10/10 00:20:09 348] isr_local  1536 auwl =   6400  
[2016/10/10 00:20:09 356] isr_local  2112 esr_audio_write, ret =  nil  
[2016/10/10 00:20:09 369] isr_local  2242 last gc at  1476028935  
[2016/10/10 00:20:09 382] isr_local  2103 ASR_LOCAL_MSG_AUW  
[2016/10/10 00:20:09 388] isr_local  1536 auwl =   6400  
[2016/10/10 00:20:09 401] isr_local  2112 esr_audio_write, ret =  nil  
[2016/10/10 00:20:09 411] isr_local  2242 last gc at  1476028935  
[2016/10/10 00:20:09 422] isr_local  2103 ASR_LOCAL_MSG_AUW  
[2016/10/10 00:20:09 430] isr_local  1536 auwl =   6400  
[2016/10/10 00:20:09 445] isr_local  2112 esr_audio_write, ret =  nil  
[2016/10/10 00:20:09 455] isr_local  2242 last gc at  1476028935  
[2016/10/10 00:20:09 569] isr_local  2103 ASR_LOCAL_MSG_AUW  
[2016/10/10 00:20:09 586] isr_local  1536 auwl =   6400  
[2016/10/10 00:20:09 594] isr_local  2112 esr_audio_write, ret =  nil  
[2016/10/10 00:20:09 601] isr_local  2242 last gc at  1476028935  
[2016/10/10 00:20:09 615] isr_local  2103 ASR_LOCAL_MSG_AUW  
[2016/10/10 00:20:09 623] isr_local  1536 auwl =   6400  
[2016/10/10 00:20:09 632] isr_local  2112 esr_audio_write, ret =  nil  
[2016/10/10 00:20:09 636] isr_local  2242 last gc at  1476028935  
[2016/10/10 00:20:09 645] isr_local  2103 ASR_LOCAL_MSG_AUW  
[2016/10/10 00:20:09 650] isr_local  1536 auwl =   6400  
[2016/10/10 00:20:09 658] isr_local  2112 esr_audio_write, ret =  nil  
[2016/10/10 00:20:09 660] isr_local  2242 last gc at  1476028935  
[2016/10/10 00:20:09 668] isr_local  2103 ASR_LOCAL_MSG_AUW  
[2016/10/10 00:20:09 674] isr_local  1536 auwl =   6400  
[2016/10/10 00:20:09 680] isr_local  2112 esr_audio_write, ret =  nil  
[2016/10/10 00:20:09 684] isr_local  2242 last gc at  1476028935  
[2016/10/10 00:20:09 690] isr_local  2103 ASR_LOCAL_MSG_AUW  
[2016/10/10 00:20:09 694] isr_local  1536 auwl =   6400  
[2016/10/10 00:20:09 699] isr_local  2112 esr_audio_write, ret =  nil  
[2016/10/10 00:20:09 705] isr_local  2242 last gc at  1476028935  
[2016/10/10 00:20:09 713] isr_local  2103 ASR_LOCAL_MSG_AUW  
[2016/10/10 00:20:09 720] isr_local  1536 auwl =   6400  
[2016/10/10 00:20:09 726] isr_local  2112 esr_audio_write, ret =  nil  
[2016/10/10 00:20:09 733] isr_local  2242 last gc at  1476028935  
[2016/10/10 00:20:09 746] isr_local  2103 ASR_LOCAL_MSG_AUW  
[2016/10/10 00:20:09 754] isr_local  1536 auwl =   6400  
[2016/10/10 00:20:09 762] isr_local  2112 esr_audio_write, ret =  nil  
[2016/10/10 00:20:09 768] isr_local  2242 last gc at  1476028935  
[2016/10/10 00:20:09 777] isr_local  2103 ASR_LOCAL_MSG_AUW  
[2016/10/10 00:20:09 783] isr_local  1536 auwl =   6400  
[2016/10/10 00:20:09 789] isr_local  2112 esr_audio_write, ret =  nil  
[2016/10/10 00:20:09 796] isr_local  2242 last gc at  1476028935  
[2016/10/10 00:20:09 804] isr_local  2103 ASR_LOCAL_MSG_AUW  
[2016/10/10 00:20:09 812] isr_local  1536 auwl =   6400  
[2016/10/10 00:20:09 820] isr_local  2112 esr_audio_write, ret =  nil  
[2016/10/10 00:20:09 827] isr_local  2242 last gc at  1476028935  
[2016/10/10 00:20:09 840] isr_local  2103 ASR_LOCAL_MSG_AUW  
[2016/10/10 00:20:09 849] isr_local  1536 auwl =   6080  
[2016/10/10 00:20:09 861] isr_local  2112 esr_audio_write, ret =  nil  
[2016/10/10 00:20:09 872] isr_local  2242 last gc at  1476028935  
[2016/10/10 00:20:10 147] isr_local  669  final result will throw out next!  
[2016/10/10 00:20:10 154] isr_local  679  nRecognizeState:  1  
[2016/10/10 00:20:10 156] isr_local  680  nConfidenceScore:  100  
[2016/10/10 00:20:10 158] isr_local  728  result_type :   xml  
[2016/10/10 00:20:10 160] isr_local  729  result_encoding :   UTF-8  
[2016/10/10 00:20:10 162] isr_local  730  is iat :   false  
[2016/10/10 00:20:10 164] isr_local  469  item_count:1  
[2016/10/10 00:20:10 166] isr_local  293  nil  
[2016/10/10 00:20:10 176] isr_local  675  recognized end!  
[2016/10/10 00:20:10 388] isr_local  2117 ASR_LOCAL_MSG_SSE  
[2016/10/10 00:20:10 404] isr_local  1496 esr_session_end | esr_obj:stop ret =  0  
[2016/10/10 00:20:10 434] isr_local  2119 esr_session_end, ret =  0  
[2016/10/10 00:20:10 464] isr_local  2242 last gc at  1476028935  
[2016/10/10 00:20:10 473] isr_local  638  local engine already stopped! stop cmd ignored  
